<?xml version="1.0" encoding="UTF-8"?>
<testsuite xmlns:xsi="http://www.w3.org/2001/XMLSchema-instance" xsi:noNamespaceSchemaLocation="https://maven.apache.org/surefire/maven-surefire-plugin/xsd/surefire-test-report-3.0.xsd" version="3.0" name="cucumber.Options.RunCucumberTests" time="1.409" tests="23" errors="0" skipped="0" failures="0">
  <properties>
[...]
</properties>
  <testcase name="User can create a booking" classname="Creates a new booking" time="0.3"/>
  <testcase name="Authorized User calls the webservice to delete existing booking" classname="Delete booking of user" time="0.018"/>
  <testcase name="Authorized user calls webservice to delete non-existing booking" classname="Delete booking of user" time="0.009"/>
  <testcase name="Delete endpoint webservice is accessed without Authorisation" classname="Delete booking of user" time="0.021"/>
  <testcase name="User calls the webservice to retreive details of booking" classname="Retreives Booking deatils for a booking" time="0.014"/>
  <testcase name="User calls a webservice to get booking ids with parameters for existing bookings #1" classname="Retreives all bookings for user based on provided parameters" time="0.009"/>
  <testcase name="User calls a webservice to get booking ids with parameters for existing bookings #2" classname="Retreives all bookings for user based on provided parameters" time="0.008"/>
  <testcase name="User calls a webservice to get booking ids with parameters for existing bookings #3" classname="Retreives all bookings for user based on provided parameters" time="0.009"/>
  <testcase name="User calls a webservice to get booking ids with parameters for existing bookings #4" classname="Retreives all bookings for user based on provided parameters" time="0.008"/>
  <testcase name="User calls a webservice to get booking ids with parameters for existing bookings #5" classname="Retreives all bookings for user based on provided parameters" time="0.007"/>
  <testcase name="User calls a webservice to get booking ids with parameters for existing bookings #6" classname="Retreives all bookings for user based on provided parameters" time="0.009"/>
  <testcase name="User calls a webservice to get all booking ids" classname="Retreives all bookings for user based on provided parameters" time="0.006"/>
  <testcase name="User calls a webservice to get booking ids for bookings that do not exist #1" classname="Retreives all bookings for user based on provided parameters" time="0.005"/>
  <testcase name="User calls a webservice to get booking ids for bookings that do not exist #2" classname="Retreives all bookings for user based on provided parameters" time="0.005"/>
  <testcase name="User calls a webservice to get booking ids for bookings that do not exist #3" classname="Retreives all bookings for user based on provided parameters" time="0.006"/>
  <testcase name="User calls a webservice to get booking ids for bookings that do not exist #4" classname="Retreives all bookings for user based on provided parameters" time="0.008"/>
  <testcase name="User calls a webservice to get booking ids for bookings that do not exist #5" classname="Retreives all bookings for user based on provided parameters" time="0.005"/>
  <testcase name="Authorized User calls the webservice to update existing booking #1" classname="Updates details of the existing bookings" time="0.005"/>
  <testcase name="Authorized User calls the webservice to update existing booking #2" classname="Updates details of the existing bookings" time="0.006"/>
  <testcase name="Authorized User calls the webservice to update existing booking #3" classname="Updates details of the existing bookings" time="0.005"/>
  <testcase name="Authorized User calls the webservice to update existing booking #4" classname="Updates details of the existing bookings" time="0.005"/>
  <testcase name="Authorized User calls the webservice to update existing booking #5" classname="Updates details of the existing bookings" time="0.005"/>
  <testcase name="Authorized User calls the webservice to update existing booking #6" classname="Updates details of the existing bookings" time="0.005"/>
</testsuite>