<?xml version="1.0" encoding="UTF-8"?>
<testsuite xmlns:xsi="http://www.w3.org/2001/XMLSchema-instance" xsi:noNamespaceSchemaLocation="https://maven.apache.org/surefire/maven-surefire-plugin/xsd/surefire-test-report-3.0.xsd" version="3.0" name="cucumber.Options.RunCucumberTests" time="50.896" tests="23" errors="0" skipped="0" failures="1">
  <properties>
[...]
</properties>
  <testcase name="User can create a booking" classname="Creates a new booking" time="3.46">
    <system-out><![CDATA[
@Regression
Scenario Outline: User can create a booking                                                      # src/test/resources/features/CreateBooking.feature:11
2021-08-20 16:55:57,415 [INFO  ] Log - ****************************************************************************************
2021-08-20 16:55:57,420 [INFO  ] Log - $$$$$$$$$$ Create Booking Started $$$$$$$$$$
  Given User enters information "Faker" "Brown" 111 "true" "2018-01-01" "2019-01-01" "Breakfast" # stepDefinitions.createBookingSteps.user_enters_information(java.lang.String,java.lang.String,java.lang.Integer,java.lang.String,java.lang.String,java.lang.String,java.lang.String)
Request method:	POST
Request URI:	https://restful-booker.herokuapp.com/booking
Proxy:			<none>
Request params:	<none>
Query params:	<none>
Form params:	<none>
Path params:	<none>
Headers:		Accept=*/*
				Content-Type=application/json; charset=UTF-8
Cookies:		<none>
Multiparts:		<none>
Body:
{
    "firstname": "Faker",
    "lastname": "Brown",
    "totalprice": 111,
    "depositpaid": true,
    "bookingdates": {
        "checkin": "2018-01-01",
        "checkout": "2019-01-01"
    },
    "additionalneeds": "Breakfast"
}
2021-08-20 16:55:59,293 [INFO  ] Log - ----------Create Booking Response----------
2021-08-20 16:55:59,304 [INFO  ] Log - ----------{
    "bookingid": 11,
    "booking": {
        "firstname": "Faker",
        "lastname": "Brown",
        "totalprice": 111,
        "depositpaid": true,
        "bookingdates": {
            "checkin": "2018-01-01",
            "checkout": "2019-01-01"
        },
        "additionalneeds": "Breakfast"
    }
}----------
2021-08-20 16:55:59,305 [INFO  ] Log - $$$$$$$$$$ Booking Created $$$$$$$$$$
2021-08-20 16:55:59,305 [INFO  ] Log - ****************************************************************************************
  When user creates a booking using CreateBookingEndpoint                                        # stepDefinitions.createBookingSteps.user_creates_a_booking_using_post_call()
HTTP/1.1 200 OK
Server: Cowboy
Connection: keep-alive
X-Powered-By: Express
Content-Type: application/json; charset=utf-8
Content-Length: 197
Etag: W/"c5-gJnrfuqEtVDstxyKFdIIo1yr13c"
Date: Fri, 20 Aug 2021 14:55:56 GMT
Via: 1.1 vegur

{
    "bookingid": 11,
    "booking": {
        "firstname": "Faker",
        "lastname": "Brown",
        "totalprice": 111,
        "depositpaid": true,
        "bookingdates": {
            "checkin": "2018-01-01",
            "checkout": "2019-01-01"
        },
        "additionalneeds": "Breakfast"
    }
}
  Then the response code is 200                                                                  # stepDefinitions.GenericResponse_Steps.the_response_code_is(java.lang.Integer)
]]></system-out>
  </testcase>
  <testcase name="Authorized User calls the webservice to delete existing booking" classname="Delete booking of user" time="2.77">
    <system-out><![CDATA[
@Regression
Scenario: Authorized User calls the webservice to delete existing booking # src/test/resources/features/DeleteBooking.feature:9
Request method:	POST
Request URI:	https://restful-booker.herokuapp.com/booking
Proxy:			<none>
Request params:	<none>
Query params:	<none>
Form params:	<none>
Path params:	<none>
Headers:		Accept=*/*
				Content-Type=application/json; charset=UTF-8
Cookies:		<none>
Multiparts:		<none>
Body:
{
    "firstname": "Larry",
    "lastname": "Potter",
    "totalprice": 111,
    "depositpaid": true,
    "bookingdates": {
        "checkin": "2018-01-01",
        "checkout": "2019-01-01"
    },
    "additionalneeds": "Breakfast"
}
{"bookingid":12,"booking":{"firstname":"Larry","lastname":"Potter","totalprice":111,"depositpaid":true,"bookingdates":{"checkin":"2018-01-01","checkout":"2019-01-01"},"additionalneeds":"Breakfast"}}
  Given we create test data as follows:                                   # stepDefinitions.generic_Steps.we_create_booking_data_as_follows(io.cucumber.datatable.DataTable)
............{"token":"5a09698bb3e5220"}
{"token":"5a09698bb3e5220"}
2021-08-20 16:56:00,891 [INFO  ] Log - ----------User Token Authorized----------
  Given I am authorized user                                              # stepDefinitions.generic_Steps.user_is_authorized()
2021-08-20 16:56:00,893 [INFO  ] Log - ****************************************************************************************
2021-08-20 16:56:00,894 [INFO  ] Log - $$$$$$$$$$ Delete Booking Started $$$$$$$$$$
Request method:	DELETE
Request URI:	https://restful-booker.herokuapp.com/booking/12
Proxy:			<none>
Request params:	<none>
Query params:	<none>
Form params:	<none>
Path params:	id=12
Headers:		Cookie=token=5a09698bb3e5220
				Accept=*/*
Cookies:		<none>
Multiparts:		<none>
Body:			<none>
HTTP/1.1 201 Created
Server: Cowboy
Connection: keep-alive
X-Powered-By: Express
Content-Type: text/plain; charset=utf-8
Content-Length: 7
Etag: W/"7-rM9AyJuqT6iOan/xHh+AW+7K/T8"
Date: Fri, 20 Aug 2021 14:55:58 GMT
Via: 1.1 vegur

Created
  When user deletes the booking using DeleteBooking endpoint with id      # stepDefinitions.deleteBookingSteps.user_deletes_the_booking_using_delete_booking_endpoint_with_id()
HTTP/1.1 201 Created
Server: Cowboy
Connection: keep-alive
X-Powered-By: Express
Content-Type: text/plain; charset=utf-8
Content-Length: 7
Etag: W/"7-rM9AyJuqT6iOan/xHh+AW+7K/T8"
Date: Fri, 20 Aug 2021 14:55:58 GMT
Via: 1.1 vegur

Created
  Then the response code is 201                                           # stepDefinitions.GenericResponse_Steps.the_response_code_is(java.lang.Integer)
Request method:	GET
Request URI:	https://restful-booker.herokuapp.com/booking/12
Proxy:			<none>
Request params:	<none>
Query params:	<none>
Form params:	<none>
Path params:	id=12
Headers:		Accept=*/*
Cookies:		<none>
Multiparts:		<none>
Body:			<none>
2021-08-20 16:56:02,037 [INFO  ] Log - ----------Booking does not exist 404----------
  And booking no longer exists in system with status code 404             # stepDefinitions.deleteBookingSteps.booking_no_longer_exists_in_system(int)
2021-08-20 16:56:02,039 [WARN  ] Log - **********Status message : HTTP/1.1 404 Not Found**********
  And the response status is "Not Found"                                  # stepDefinitions.deleteBookingSteps.the_response_status_is(java.lang.String)
]]></system-out>
  </testcase>
  <testcase name="Authorized user calls webservice to delete non-existing booking" classname="Delete booking of user" time="2.269">
    <system-out><![CDATA[
@Regression
Scenario: Authorized user calls webservice to delete non-existing booking # src/test/resources/features/DeleteBooking.feature:16
Request method:	POST
Request URI:	https://restful-booker.herokuapp.com/booking
Proxy:			<none>
Request params:	<none>
Query params:	<none>
Form params:	<none>
Path params:	<none>
Headers:		Accept=*/*
				Content-Type=application/json; charset=UTF-8
Cookies:		<none>
Multiparts:		<none>
Body:
{
    "firstname": "Larry",
    "lastname": "Potter",
    "totalprice": 111,
    "depositpaid": true,
    "bookingdates": {
        "checkin": "2018-01-01",
        "checkout": "2019-01-01"
    },
    "additionalneeds": "Breakfast"
}
{"bookingid":13,"booking":{"firstname":"Larry","lastname":"Potter","totalprice":111,"depositpaid":true,"bookingdates":{"checkin":"2018-01-01","checkout":"2019-01-01"},"additionalneeds":"Breakfast"}}
  Given we create test data as follows:                                   # stepDefinitions.generic_Steps.we_create_booking_data_as_follows(io.cucumber.datatable.DataTable)
............{"token":"faeb7a3291d272d"}
{"token":"faeb7a3291d272d"}
2021-08-20 16:56:03,197 [INFO  ] Log - ----------User Token Authorized----------
  Given I am authorized user                                              # stepDefinitions.generic_Steps.user_is_authorized()
2021-08-20 16:56:03,200 [INFO  ] Log - ****************************************************************************************
2021-08-20 16:56:03,200 [INFO  ] Log - $$$$$$$$$$ Delete Booking Started $$$$$$$$$$
Request method:	DELETE
Request URI:	https://restful-booker.herokuapp.com/booking/13
Proxy:			<none>
Request params:	<none>
Query params:	<none>
Form params:	<none>
Path params:	id=13
Headers:		Cookie=token=faeb7a3291d272d
				Accept=*/*
Cookies:		<none>
Multiparts:		<none>
Body:			<none>
HTTP/1.1 201 Created
Server: Cowboy
Connection: keep-alive
X-Powered-By: Express
Content-Type: text/plain; charset=utf-8
Content-Length: 7
Etag: W/"7-rM9AyJuqT6iOan/xHh+AW+7K/T8"
Date: Fri, 20 Aug 2021 14:56:01 GMT
Via: 1.1 vegur

Created
  And user deletes created booking via Delete Booking endpoint            # stepDefinitions.deleteBookingSteps.user_deletes_created_booking_via_delete_booking_endpoint()
2021-08-20 16:56:03,816 [INFO  ] Log - ****************************************************************************************
2021-08-20 16:56:03,817 [INFO  ] Log - $$$$$$$$$$ Delete Booking Started $$$$$$$$$$
Request method:	DELETE
Request URI:	https://restful-booker.herokuapp.com/booking/13
Proxy:			<none>
Request params:	<none>
Query params:	<none>
Form params:	<none>
Path params:	id=13
Headers:		Cookie=token=faeb7a3291d272d
				Accept=*/*
Cookies:		<none>
Multiparts:		<none>
Body:			<none>
HTTP/1.1 405 Method Not Allowed
Server: Cowboy
Connection: keep-alive
X-Powered-By: Express
Content-Type: text/plain; charset=utf-8
Content-Length: 18
Etag: W/"12-UGJMK66P4abaBlq0vKHJaCKuGCA"
Date: Fri, 20 Aug 2021 14:56:01 GMT
Via: 1.1 vegur

Method Not Allowed
2021-08-20 16:56:04,335 [WARN  ] Log - **********User trying to delete non-existing booking**********
  When user access DeleteEndpoint to delete non-existing deleted booking  # stepDefinitions.deleteBookingSteps.user_access_delete_endpoint_to_delete_already_deleted_booking()
HTTP/1.1 405 Method Not Allowed
Server: Cowboy
Connection: keep-alive
X-Powered-By: Express
Content-Type: text/plain; charset=utf-8
Content-Length: 18
Etag: W/"12-UGJMK66P4abaBlq0vKHJaCKuGCA"
Date: Fri, 20 Aug 2021 14:56:01 GMT
Via: 1.1 vegur

Method Not Allowed
  Then the response code is 405                                           # stepDefinitions.GenericResponse_Steps.the_response_code_is(java.lang.Integer)
2021-08-20 16:56:04,344 [WARN  ] Log - **********Status message : HTTP/1.1 405 Method Not Allowed**********
  And the response status is "Method Not Allowed"                         # stepDefinitions.deleteBookingSteps.the_response_status_is(java.lang.String)
]]></system-out>
  </testcase>
  <testcase name="Delete endpoint webservice is accessed without Authorisation" classname="Delete booking of user" time="2.339">
    <system-out><![CDATA[
@Regression
Scenario: Delete endpoint webservice is accessed without Authorisation        # src/test/resources/features/DeleteBooking.feature:23
Request method:	POST
Request URI:	https://restful-booker.herokuapp.com/booking
Proxy:			<none>
Request params:	<none>
Query params:	<none>
Form params:	<none>
Path params:	<none>
Headers:		Accept=*/*
				Content-Type=application/json; charset=UTF-8
Cookies:		<none>
Multiparts:		<none>
Body:
{
    "firstname": "Larry",
    "lastname": "Potter",
    "totalprice": 111,
    "depositpaid": true,
    "bookingdates": {
        "checkin": "2018-01-01",
        "checkout": "2019-01-01"
    },
    "additionalneeds": "Breakfast"
}
{"bookingid":14,"booking":{"firstname":"Larry","lastname":"Potter","totalprice":111,"depositpaid":true,"bookingdates":{"checkin":"2018-01-01","checkout":"2019-01-01"},"additionalneeds":"Breakfast"}}
  Given we create test data as follows:                                       # stepDefinitions.generic_Steps.we_create_booking_data_as_follows(io.cucumber.datatable.DataTable)
2021-08-20 16:56:04,914 [FATAL ] Log - !!!!!!!!!!Unauthoriozed user trying to delete booking!!!!!!!!!!
HTTP/1.1 403 Forbidden
Server: Cowboy
Connection: keep-alive
X-Powered-By: Express
Content-Type: text/plain; charset=utf-8
Content-Length: 9
Etag: W/"9-PatfYBLj4Um1qTm5zrukoLhNyPU"
Date: Fri, 20 Aug 2021 14:56:03 GMT
Via: 1.1 vegur

Forbidden
2021-08-20 16:56:06,672 [FATAL ] Log - !!!!!!!!!!Response Status : HTTP/1.1 403 Forbidden!!!!!!!!!!
2021-08-20 16:56:06,672 [INFO  ] Log - $$$$$$$$$$ Delete Booking Finished $$$$$$$$$$
2021-08-20 16:56:06,673 [INFO  ] Log - ****************************************************************************************
  When Unauthoriozed user deletes created booking via Delete Booking endpoint # stepDefinitions.deleteBookingSteps.unauthoriozed_user_deletes_created_booking_via_delete_booking_endpoint()
HTTP/1.1 403 Forbidden
Server: Cowboy
Connection: keep-alive
X-Powered-By: Express
Content-Type: text/plain; charset=utf-8
Content-Length: 9
Etag: W/"9-PatfYBLj4Um1qTm5zrukoLhNyPU"
Date: Fri, 20 Aug 2021 14:56:03 GMT
Via: 1.1 vegur

Forbidden
  Then the response code is 403                                               # stepDefinitions.GenericResponse_Steps.the_response_code_is(java.lang.Integer)
2021-08-20 16:56:06,676 [WARN  ] Log - **********Status message : HTTP/1.1 403 Forbidden**********
  And the response status is "Forbidden"                                      # stepDefinitions.deleteBookingSteps.the_response_status_is(java.lang.String)
]]></system-out>
  </testcase>
  <testcase name="User calls the webservice to retreive details of all bookings" classname="Retreives Booking deatils for a booking" time="2.305">
    <system-out><![CDATA[
@Regression @DeleteTestData
Scenario: User calls the webservice to retreive details of all bookings # src/test/resources/features/GetBooking.feature:5
Request method:	POST
Request URI:	https://restful-booker.herokuapp.com/booking
Proxy:			<none>
Request params:	<none>
Query params:	<none>
Form params:	<none>
Path params:	<none>
Headers:		Accept=*/*
				Content-Type=application/json; charset=UTF-8
Cookies:		<none>
Multiparts:		<none>
Body:
{
    "firstname": "Harry",
    "lastname": "Potter",
    "totalprice": 111,
    "depositpaid": true,
    "bookingdates": {
        "checkin": "2018-01-01",
        "checkout": "2019-01-01"
    },
    "additionalneeds": "Breakfast"
}
{"bookingid":15,"booking":{"firstname":"Harry","lastname":"Potter","totalprice":111,"depositpaid":true,"bookingdates":{"checkin":"2018-01-01","checkout":"2019-01-01"},"additionalneeds":"Breakfast"}}
  Given we create test data as follows:                                 # stepDefinitions.generic_Steps.we_create_booking_data_as_follows(io.cucumber.datatable.DataTable)
2021-08-20 16:56:07,323 [INFO  ] Log - ****************************************************************************************
2021-08-20 16:56:07,323 [INFO  ] Log - $$$$$$$$$$ GetBooking with id $$$$$$$$$$
Request method:	GET
Request URI:	https://restful-booker.herokuapp.com/booking/15
Proxy:			<none>
Request params:	<none>
Query params:	<none>
Form params:	<none>
Path params:	id=15
Headers:		Accept=*/*
Cookies:		<none>
Multiparts:		<none>
Body:			<none>
HTTP/1.1 200 OK
Server: Cowboy
Connection: keep-alive
X-Powered-By: Express
Content-Type: application/json; charset=utf-8
Content-Length: 171
Etag: W/"ab-RqYZgqSAx9TZajooBhAnqVPP3Qw"
Date: Fri, 20 Aug 2021 14:56:05 GMT
Via: 1.1 vegur

{
    "firstname": "Harry",
    "lastname": "Potter",
    "totalprice": 111,
    "depositpaid": true,
    "bookingdates": {
        "checkin": "2018-01-01",
        "checkout": "2019-01-01"
    },
    "additionalneeds": "Breakfast"
}
2021-08-20 16:56:07,839 [INFO  ] Log - ----------Response : 
{
    "firstname": "Harry",
    "lastname": "Potter",
    "totalprice": 111,
    "depositpaid": true,
    "bookingdates": {
        "checkin": "2018-01-01",
        "checkout": "2019-01-01"
    },
    "additionalneeds": "Breakfast"
}----------
2021-08-20 16:56:07,842 [INFO  ] Log - $$$$$$$$$$ GetBooking with id $$$$$$$$$$
2021-08-20 16:56:07,843 [INFO  ] Log - ****************************************************************************************
  When user hits GetBooking endpoint with id                            # stepDefinitions.getBooking_ByIdSteps.user_hits_endpoint_with()
HTTP/1.1 200 OK
Server: Cowboy
Connection: keep-alive
X-Powered-By: Express
Content-Type: application/json; charset=utf-8
Content-Length: 171
Etag: W/"ab-RqYZgqSAx9TZajooBhAnqVPP3Qw"
Date: Fri, 20 Aug 2021 14:56:05 GMT
Via: 1.1 vegur

{
    "firstname": "Harry",
    "lastname": "Potter",
    "totalprice": 111,
    "depositpaid": true,
    "bookingdates": {
        "checkin": "2018-01-01",
        "checkout": "2019-01-01"
    },
    "additionalneeds": "Breakfast"
}
  Then the response code is 200                                         # stepDefinitions.GenericResponse_Steps.the_response_code_is(java.lang.Integer)
  And response contains following values                                # stepDefinitions.GenericResponse_Steps.response_contains_following_values(io.cucumber.datatable.DataTable)
............{"token":"852f9ee4e477c83"}
{"token":"852f9ee4e477c83"}
2021-08-20 16:56:08,435 [INFO  ] Log - ----------User Token Authorized----------
Request method:	DELETE
Request URI:	https://restful-booker.herokuapp.com/booking/15
Proxy:			<none>
Request params:	<none>
Query params:	<none>
Form params:	<none>
Path params:	id=15
Headers:		Cookie=token=852f9ee4e477c83
				Accept=*/*
Cookies:		<none>
Multiparts:		<none>
Body:			<none>
HTTP/1.1 201 Created
Server: Cowboy
Connection: keep-alive
X-Powered-By: Express
Content-Type: text/plain; charset=utf-8
Content-Length: 7
Etag: W/"7-rM9AyJuqT6iOan/xHh+AW+7K/T8"
Date: Fri, 20 Aug 2021 14:56:06 GMT
Via: 1.1 vegur

Created
]]></system-out>
  </testcase>
  <testcase name="User calls a webservice to retrieve booking ids firstname with  for existing bookings" classname="Retreives all bookings for user based on provided parameters" time="2.828">
    <system-out><![CDATA[
@Regression @DeleteTestData
Scenario Outline: User calls a webservice to retrieve booking ids firstname with  for existing bookings # src/test/resources/features/GetBookingIds.feature:16
Request method:	POST
Request URI:	https://restful-booker.herokuapp.com/booking
Proxy:			<none>
Request params:	<none>
Query params:	<none>
Form params:	<none>
Path params:	<none>
Headers:		Accept=*/*
				Content-Type=application/json; charset=UTF-8
Cookies:		<none>
Multiparts:		<none>
Body:
{
    "firstname": "TGeo",
    "lastname": "IHanks",
    "totalprice": 111,
    "depositpaid": true,
    "bookingdates": {
        "checkin": "2019-12-26",
        "checkout": "2019-12-29"
    },
    "additionalneeds": "Breakfast"
}
{"bookingid":16,"booking":{"firstname":"TGeo","lastname":"IHanks","totalprice":111,"depositpaid":true,"bookingdates":{"checkin":"2019-12-26","checkout":"2019-12-29"},"additionalneeds":"Breakfast"}}
  Given we create test data as follows:                                                                 # stepDefinitions.generic_Steps.we_create_booking_data_as_follows(io.cucumber.datatable.DataTable)
Request method:	GET
Request URI:	https://restful-booker.herokuapp.com/booking?firstname=TGeo
Proxy:			<none>
Request params:	<none>
Query params:	firstname=TGeo
Form params:	<none>
Path params:	<none>
Headers:		Accept=*/*
Cookies:		<none>
Multiparts:		<none>
Body:			<none>
2021-08-20 16:56:10,096 [INFO  ] Log - ---------- GetBookings by firstname----------
  When User access getbookings endpoint to search booking using "firstname" and "TGeo"                  # stepDefinitions.getBooking_Ids_Params_Steps.user_access_getbookings_endpoint_to_search_booking_using_and(java.lang.String,java.lang.String)
HTTP/1.1 200 OK
Server: Cowboy
Connection: keep-alive
X-Powered-By: Express
Content-Type: application/json; charset=utf-8
Content-Length: 18
Etag: W/"12-CBc+NtBE7v8Iqo5lVwI4y6ikMHI"
Date: Fri, 20 Aug 2021 14:56:07 GMT
Via: 1.1 vegur

[
    {
        "bookingid": 16
    }
]
  Then the response code is 200                                                                         # stepDefinitions.GenericResponse_Steps.the_response_code_is(java.lang.Integer)
HTTP/1.1 200 OK
Server: Cowboy
Connection: keep-alive
X-Powered-By: Express
Content-Type: application/json; charset=utf-8
Content-Length: 18
Etag: W/"12-CBc+NtBE7v8Iqo5lVwI4y6ikMHI"
Date: Fri, 20 Aug 2021 14:56:07 GMT
Via: 1.1 vegur

[
    {
        "bookingid": 16
    }
]
2021-08-20 16:56:10,161 [INFO  ] Log - ----------Count of booking 1----------
  And countofbookings is ">" 0                                                                          # stepDefinitions.getBooking_Ids_Params_Steps.the_count_of_bookings_is(java.lang.String,int)
2021-08-20 16:56:10,162 [INFO  ] Log - ****************************************************************************************
2021-08-20 16:56:10,163 [INFO  ] Log - $$$$$$$$$$ GetBooking with id $$$$$$$$$$
Request method:	GET
Request URI:	https://restful-booker.herokuapp.com/booking/16
Proxy:			<none>
Request params:	<none>
Query params:	<none>
Form params:	<none>
Path params:	id=16
Headers:		Accept=*/*
Cookies:		<none>
Multiparts:		<none>
Body:			<none>
HTTP/1.1 200 OK
Server: Cowboy
Connection: keep-alive
X-Powered-By: Express
Content-Type: application/json; charset=utf-8
Content-Length: 170
Etag: W/"aa-JXERkm5nM/vRDtXVl9zk+CfaZOE"
Date: Fri, 20 Aug 2021 14:56:07 GMT
Via: 1.1 vegur

{
    "firstname": "TGeo",
    "lastname": "IHanks",
    "totalprice": 111,
    "depositpaid": true,
    "bookingdates": {
        "checkin": "2019-12-26",
        "checkout": "2019-12-29"
    },
    "additionalneeds": "Breakfast"
}
2021-08-20 16:56:10,675 [INFO  ] Log - ----------Response : 
{
    "firstname": "TGeo",
    "lastname": "IHanks",
    "totalprice": 111,
    "depositpaid": true,
    "bookingdates": {
        "checkin": "2019-12-26",
        "checkout": "2019-12-29"
    },
    "additionalneeds": "Breakfast"
}----------
2021-08-20 16:56:10,676 [INFO  ] Log - $$$$$$$$$$ GetBooking with id $$$$$$$$$$
2021-08-20 16:56:10,676 [INFO  ] Log - ****************************************************************************************
  When user hits GetBooking endpoint with id                                                            # stepDefinitions.getBooking_ByIdSteps.user_hits_endpoint_with()
  And response contains following values                                                                # stepDefinitions.GenericResponse_Steps.response_contains_following_values(io.cucumber.datatable.DataTable)
............{"token":"e88d5f0b26769a6"}
{"token":"e88d5f0b26769a6"}
2021-08-20 16:56:11,297 [INFO  ] Log - ----------User Token Authorized----------
Request method:	DELETE
Request URI:	https://restful-booker.herokuapp.com/booking/16
Proxy:			<none>
Request params:	<none>
Query params:	<none>
Form params:	<none>
Path params:	id=16
Headers:		Cookie=token=e88d5f0b26769a6
				Accept=*/*
Cookies:		<none>
Multiparts:		<none>
Body:			<none>
HTTP/1.1 201 Created
Server: Cowboy
Connection: keep-alive
X-Powered-By: Express
Content-Type: text/plain; charset=utf-8
Content-Length: 7
Etag: W/"7-rM9AyJuqT6iOan/xHh+AW+7K/T8"
Date: Fri, 20 Aug 2021 14:56:09 GMT
Via: 1.1 vegur

Created
]]></system-out>
  </testcase>
  <testcase name="User calls a webservice to retrieve booking ids lastname with  for existing bookings" classname="Retreives all bookings for user based on provided parameters" time="2.675">
    <system-out><![CDATA[
@Regression @DeleteTestData
Scenario Outline: User calls a webservice to retrieve booking ids lastname with  for existing bookings # src/test/resources/features/GetBookingIds.feature:17
Request method:	POST
Request URI:	https://restful-booker.herokuapp.com/booking
Proxy:			<none>
Request params:	<none>
Query params:	<none>
Form params:	<none>
Path params:	<none>
Headers:		Accept=*/*
				Content-Type=application/json; charset=UTF-8
Cookies:		<none>
Multiparts:		<none>
Body:
{
    "firstname": "TGeo",
    "lastname": "IHanks",
    "totalprice": 111,
    "depositpaid": true,
    "bookingdates": {
        "checkin": "2019-12-26",
        "checkout": "2019-12-29"
    },
    "additionalneeds": "Breakfast"
}
{"bookingid":17,"booking":{"firstname":"TGeo","lastname":"IHanks","totalprice":111,"depositpaid":true,"bookingdates":{"checkin":"2019-12-26","checkout":"2019-12-29"},"additionalneeds":"Breakfast"}}
  Given we create test data as follows:                                                                # stepDefinitions.generic_Steps.we_create_booking_data_as_follows(io.cucumber.datatable.DataTable)
Request method:	GET
Request URI:	https://restful-booker.herokuapp.com/booking?lastname=IHanks
Proxy:			<none>
Request params:	<none>
Query params:	lastname=IHanks
Form params:	<none>
Path params:	<none>
Headers:		Accept=*/*
Cookies:		<none>
Multiparts:		<none>
Body:			<none>
2021-08-20 16:56:12,856 [INFO  ] Log - ---------- GetBookings by lastname----------
  When User access getbookings endpoint to search booking using "lastname" and "IHanks"                # stepDefinitions.getBooking_Ids_Params_Steps.user_access_getbookings_endpoint_to_search_booking_using_and(java.lang.String,java.lang.String)
HTTP/1.1 200 OK
Server: Cowboy
Connection: keep-alive
X-Powered-By: Express
Content-Type: application/json; charset=utf-8
Content-Length: 18
Etag: W/"12-AJtkJhlN5+G3unJP+7KaI8rWS98"
Date: Fri, 20 Aug 2021 14:56:10 GMT
Via: 1.1 vegur

[
    {
        "bookingid": 17
    }
]
  Then the response code is 200                                                                        # stepDefinitions.GenericResponse_Steps.the_response_code_is(java.lang.Integer)
HTTP/1.1 200 OK
Server: Cowboy
Connection: keep-alive
X-Powered-By: Express
Content-Type: application/json; charset=utf-8
Content-Length: 18
Etag: W/"12-AJtkJhlN5+G3unJP+7KaI8rWS98"
Date: Fri, 20 Aug 2021 14:56:10 GMT
Via: 1.1 vegur

[
    {
        "bookingid": 17
    }
]
2021-08-20 16:56:12,896 [INFO  ] Log - ----------Count of booking 1----------
  And countofbookings is ">" 0                                                                         # stepDefinitions.getBooking_Ids_Params_Steps.the_count_of_bookings_is(java.lang.String,int)
2021-08-20 16:56:12,897 [INFO  ] Log - ****************************************************************************************
2021-08-20 16:56:12,898 [INFO  ] Log - $$$$$$$$$$ GetBooking with id $$$$$$$$$$
Request method:	GET
Request URI:	https://restful-booker.herokuapp.com/booking/17
Proxy:			<none>
Request params:	<none>
Query params:	<none>
Form params:	<none>
Path params:	id=17
Headers:		Accept=*/*
Cookies:		<none>
Multiparts:		<none>
Body:			<none>
HTTP/1.1 200 OK
Server: Cowboy
Connection: keep-alive
X-Powered-By: Express
Content-Type: application/json; charset=utf-8
Content-Length: 170
Etag: W/"aa-JXERkm5nM/vRDtXVl9zk+CfaZOE"
Date: Fri, 20 Aug 2021 14:56:10 GMT
Via: 1.1 vegur

{
    "firstname": "TGeo",
    "lastname": "IHanks",
    "totalprice": 111,
    "depositpaid": true,
    "bookingdates": {
        "checkin": "2019-12-26",
        "checkout": "2019-12-29"
    },
    "additionalneeds": "Breakfast"
}
2021-08-20 16:56:13,410 [INFO  ] Log - ----------Response : 
{
    "firstname": "TGeo",
    "lastname": "IHanks",
    "totalprice": 111,
    "depositpaid": true,
    "bookingdates": {
        "checkin": "2019-12-26",
        "checkout": "2019-12-29"
    },
    "additionalneeds": "Breakfast"
}----------
2021-08-20 16:56:13,411 [INFO  ] Log - $$$$$$$$$$ GetBooking with id $$$$$$$$$$
2021-08-20 16:56:13,411 [INFO  ] Log - ****************************************************************************************
  When user hits GetBooking endpoint with id                                                           # stepDefinitions.getBooking_ByIdSteps.user_hits_endpoint_with()
  And response contains following values                                                               # stepDefinitions.GenericResponse_Steps.response_contains_following_values(io.cucumber.datatable.DataTable)
............{"token":"3af5274e23b5024"}
{"token":"3af5274e23b5024"}
2021-08-20 16:56:13,949 [INFO  ] Log - ----------User Token Authorized----------
Request method:	DELETE
Request URI:	https://restful-booker.herokuapp.com/booking/17
Proxy:			<none>
Request params:	<none>
Query params:	<none>
Form params:	<none>
Path params:	id=17
Headers:		Cookie=token=3af5274e23b5024
				Accept=*/*
Cookies:		<none>
Multiparts:		<none>
Body:			<none>
HTTP/1.1 201 Created
Server: Cowboy
Connection: keep-alive
X-Powered-By: Express
Content-Type: text/plain; charset=utf-8
Content-Length: 7
Etag: W/"7-rM9AyJuqT6iOan/xHh+AW+7K/T8"
Date: Fri, 20 Aug 2021 14:56:11 GMT
Via: 1.1 vegur

Created
]]></system-out>
  </testcase>
  <testcase name="User calls a webservice to retrieve booking ids checkin with  for existing bookings" classname="Retreives all bookings for user based on provided parameters" time="2.776">
    <system-out><![CDATA[
@Regression @DeleteTestData
Scenario Outline: User calls a webservice to retrieve booking ids checkin with  for existing bookings # src/test/resources/features/GetBookingIds.feature:18
Request method:	POST
Request URI:	https://restful-booker.herokuapp.com/booking
Proxy:			<none>
Request params:	<none>
Query params:	<none>
Form params:	<none>
Path params:	<none>
Headers:		Accept=*/*
				Content-Type=application/json; charset=UTF-8
Cookies:		<none>
Multiparts:		<none>
Body:
{
    "firstname": "TGeo",
    "lastname": "IHanks",
    "totalprice": 111,
    "depositpaid": true,
    "bookingdates": {
        "checkin": "2019-12-26",
        "checkout": "2019-12-29"
    },
    "additionalneeds": "Breakfast"
}
{"bookingid":18,"booking":{"firstname":"TGeo","lastname":"IHanks","totalprice":111,"depositpaid":true,"bookingdates":{"checkin":"2019-12-26","checkout":"2019-12-29"},"additionalneeds":"Breakfast"}}
  Given we create test data as follows:                                                               # stepDefinitions.generic_Steps.we_create_booking_data_as_follows(io.cucumber.datatable.DataTable)
Request method:	GET
Request URI:	https://restful-booker.herokuapp.com/booking?checkin=2019-12-26
Proxy:			<none>
Request params:	<none>
Query params:	checkin=2019-12-26
Form params:	<none>
Path params:	<none>
Headers:		Accept=*/*
Cookies:		<none>
Multiparts:		<none>
Body:			<none>
2021-08-20 16:56:15,587 [INFO  ] Log - ---------- GetBookings by checkin----------
  When User access getbookings endpoint to search booking using "checkin" and "2019-12-26"            # stepDefinitions.getBooking_Ids_Params_Steps.user_access_getbookings_endpoint_to_search_booking_using_and(java.lang.String,java.lang.String)
HTTP/1.1 200 OK
Server: Cowboy
Connection: keep-alive
X-Powered-By: Express
Content-Type: application/json; charset=utf-8
Content-Length: 65
Etag: W/"41-3QQuKoddxx8pT3U7/cocXanWDcQ"
Date: Fri, 20 Aug 2021 14:56:12 GMT
Via: 1.1 vegur

[
    {
        "bookingid": 9
    },
    {
        "bookingid": 7
    },
    {
        "bookingid": 1
    },
    {
        "bookingid": 3
    }
]
  Then the response code is 200                                                                       # stepDefinitions.GenericResponse_Steps.the_response_code_is(java.lang.Integer)
HTTP/1.1 200 OK
Server: Cowboy
Connection: keep-alive
X-Powered-By: Express
Content-Type: application/json; charset=utf-8
Content-Length: 65
Etag: W/"41-3QQuKoddxx8pT3U7/cocXanWDcQ"
Date: Fri, 20 Aug 2021 14:56:12 GMT
Via: 1.1 vegur

[
    {
        "bookingid": 9
    },
    {
        "bookingid": 7
    },
    {
        "bookingid": 1
    },
    {
        "bookingid": 3
    }
]
2021-08-20 16:56:15,627 [INFO  ] Log - ----------Count of booking 4----------
  And countofbookings is ">" 0                                                                        # stepDefinitions.getBooking_Ids_Params_Steps.the_count_of_bookings_is(java.lang.String,int)
2021-08-20 16:56:15,628 [INFO  ] Log - ****************************************************************************************
2021-08-20 16:56:15,629 [INFO  ] Log - $$$$$$$$$$ GetBooking with id $$$$$$$$$$
Request method:	GET
Request URI:	https://restful-booker.herokuapp.com/booking/18
Proxy:			<none>
Request params:	<none>
Query params:	<none>
Form params:	<none>
Path params:	id=18
Headers:		Accept=*/*
Cookies:		<none>
Multiparts:		<none>
Body:			<none>
HTTP/1.1 200 OK
Server: Cowboy
Connection: keep-alive
X-Powered-By: Express
Content-Type: application/json; charset=utf-8
Content-Length: 170
Etag: W/"aa-JXERkm5nM/vRDtXVl9zk+CfaZOE"
Date: Fri, 20 Aug 2021 14:56:13 GMT
Via: 1.1 vegur

{
    "firstname": "TGeo",
    "lastname": "IHanks",
    "totalprice": 111,
    "depositpaid": true,
    "bookingdates": {
        "checkin": "2019-12-26",
        "checkout": "2019-12-29"
    },
    "additionalneeds": "Breakfast"
}
2021-08-20 16:56:16,148 [INFO  ] Log - ----------Response : 
{
    "firstname": "TGeo",
    "lastname": "IHanks",
    "totalprice": 111,
    "depositpaid": true,
    "bookingdates": {
        "checkin": "2019-12-26",
        "checkout": "2019-12-29"
    },
    "additionalneeds": "Breakfast"
}----------
2021-08-20 16:56:16,149 [INFO  ] Log - $$$$$$$$$$ GetBooking with id $$$$$$$$$$
2021-08-20 16:56:16,149 [INFO  ] Log - ****************************************************************************************
  When user hits GetBooking endpoint with id                                                          # stepDefinitions.getBooking_ByIdSteps.user_hits_endpoint_with()
  And response contains following values                                                              # stepDefinitions.GenericResponse_Steps.response_contains_following_values(io.cucumber.datatable.DataTable)
............{"token":"56f6e7c8890d2c6"}
{"token":"56f6e7c8890d2c6"}
2021-08-20 16:56:16,723 [INFO  ] Log - ----------User Token Authorized----------
Request method:	DELETE
Request URI:	https://restful-booker.herokuapp.com/booking/18
Proxy:			<none>
Request params:	<none>
Query params:	<none>
Form params:	<none>
Path params:	id=18
Headers:		Cookie=token=56f6e7c8890d2c6
				Accept=*/*
Cookies:		<none>
Multiparts:		<none>
Body:			<none>
HTTP/1.1 201 Created
Server: Cowboy
Connection: keep-alive
X-Powered-By: Express
Content-Type: text/plain; charset=utf-8
Content-Length: 7
Etag: W/"7-rM9AyJuqT6iOan/xHh+AW+7K/T8"
Date: Fri, 20 Aug 2021 14:56:14 GMT
Via: 1.1 vegur

Created
]]></system-out>
  </testcase>
  <testcase name="User calls a webservice to retrieve booking ids checkout with  for existing bookings" classname="Retreives all bookings for user based on provided parameters" time="2.781">
    <system-out><![CDATA[
@Regression @DeleteTestData
Scenario Outline: User calls a webservice to retrieve booking ids checkout with  for existing bookings # src/test/resources/features/GetBookingIds.feature:19
Request method:	POST
Request URI:	https://restful-booker.herokuapp.com/booking
Proxy:			<none>
Request params:	<none>
Query params:	<none>
Form params:	<none>
Path params:	<none>
Headers:		Accept=*/*
				Content-Type=application/json; charset=UTF-8
Cookies:		<none>
Multiparts:		<none>
Body:
{
    "firstname": "TGeo",
    "lastname": "IHanks",
    "totalprice": 111,
    "depositpaid": true,
    "bookingdates": {
        "checkin": "2019-12-26",
        "checkout": "2019-12-29"
    },
    "additionalneeds": "Breakfast"
}
{"bookingid":19,"booking":{"firstname":"TGeo","lastname":"IHanks","totalprice":111,"depositpaid":true,"bookingdates":{"checkin":"2019-12-26","checkout":"2019-12-29"},"additionalneeds":"Breakfast"}}
  Given we create test data as follows:                                                                # stepDefinitions.generic_Steps.we_create_booking_data_as_follows(io.cucumber.datatable.DataTable)
Request method:	GET
Request URI:	https://restful-booker.herokuapp.com/booking?checkout=2019-12-29
Proxy:			<none>
Request params:	<none>
Query params:	checkout=2019-12-29
Form params:	<none>
Path params:	<none>
Headers:		Accept=*/*
Cookies:		<none>
Multiparts:		<none>
Body:			<none>
2021-08-20 16:56:18,347 [INFO  ] Log - ---------- GetBookings by checkout----------
  When User access getbookings endpoint to search booking using "checkout" and "2019-12-29"            # stepDefinitions.getBooking_Ids_Params_Steps.user_access_getbookings_endpoint_to_search_booking_using_and(java.lang.String,java.lang.String)
HTTP/1.1 200 OK
Server: Cowboy
Connection: keep-alive
X-Powered-By: Express
Content-Type: application/json; charset=utf-8
Content-Length: 117
Etag: W/"75-X6B04y+ijjAHfwn8dMe+/FiHYag"
Date: Fri, 20 Aug 2021 14:56:15 GMT
Via: 1.1 vegur

[
    {
        "bookingid": 4
    },
    {
        "bookingid": 19
    },
    {
        "bookingid": 14
    },
    {
        "bookingid": 10
    },
    {
        "bookingid": 11
    },
    {
        "bookingid": 6
    },
    {
        "bookingid": 2
    }
]
  Then the response code is 200                                                                        # stepDefinitions.GenericResponse_Steps.the_response_code_is(java.lang.Integer)
HTTP/1.1 200 OK
Server: Cowboy
Connection: keep-alive
X-Powered-By: Express
Content-Type: application/json; charset=utf-8
Content-Length: 117
Etag: W/"75-X6B04y+ijjAHfwn8dMe+/FiHYag"
Date: Fri, 20 Aug 2021 14:56:15 GMT
Via: 1.1 vegur

[
    {
        "bookingid": 4
    },
    {
        "bookingid": 19
    },
    {
        "bookingid": 14
    },
    {
        "bookingid": 10
    },
    {
        "bookingid": 11
    },
    {
        "bookingid": 6
    },
    {
        "bookingid": 2
    }
]
2021-08-20 16:56:18,373 [INFO  ] Log - ----------Count of booking 7----------
  And countofbookings is ">" 0                                                                         # stepDefinitions.getBooking_Ids_Params_Steps.the_count_of_bookings_is(java.lang.String,int)
2021-08-20 16:56:18,374 [INFO  ] Log - ****************************************************************************************
2021-08-20 16:56:18,374 [INFO  ] Log - $$$$$$$$$$ GetBooking with id $$$$$$$$$$
Request method:	GET
Request URI:	https://restful-booker.herokuapp.com/booking/19
Proxy:			<none>
Request params:	<none>
Query params:	<none>
Form params:	<none>
Path params:	id=19
Headers:		Accept=*/*
Cookies:		<none>
Multiparts:		<none>
Body:			<none>
HTTP/1.1 200 OK
Server: Cowboy
Connection: keep-alive
X-Powered-By: Express
Content-Type: application/json; charset=utf-8
Content-Length: 170
Etag: W/"aa-JXERkm5nM/vRDtXVl9zk+CfaZOE"
Date: Fri, 20 Aug 2021 14:56:16 GMT
Via: 1.1 vegur

{
    "firstname": "TGeo",
    "lastname": "IHanks",
    "totalprice": 111,
    "depositpaid": true,
    "bookingdates": {
        "checkin": "2019-12-26",
        "checkout": "2019-12-29"
    },
    "additionalneeds": "Breakfast"
}
2021-08-20 16:56:18,905 [INFO  ] Log - ----------Response : 
{
    "firstname": "TGeo",
    "lastname": "IHanks",
    "totalprice": 111,
    "depositpaid": true,
    "bookingdates": {
        "checkin": "2019-12-26",
        "checkout": "2019-12-29"
    },
    "additionalneeds": "Breakfast"
}----------
2021-08-20 16:56:18,905 [INFO  ] Log - $$$$$$$$$$ GetBooking with id $$$$$$$$$$
2021-08-20 16:56:18,906 [INFO  ] Log - ****************************************************************************************
  When user hits GetBooking endpoint with id                                                           # stepDefinitions.getBooking_ByIdSteps.user_hits_endpoint_with()
  And response contains following values                                                               # stepDefinitions.GenericResponse_Steps.response_contains_following_values(io.cucumber.datatable.DataTable)
............{"token":"ec04e7234299065"}
{"token":"ec04e7234299065"}
2021-08-20 16:56:19,477 [INFO  ] Log - ----------User Token Authorized----------
Request method:	DELETE
Request URI:	https://restful-booker.herokuapp.com/booking/19
Proxy:			<none>
Request params:	<none>
Query params:	<none>
Form params:	<none>
Path params:	id=19
Headers:		Cookie=token=ec04e7234299065
				Accept=*/*
Cookies:		<none>
Multiparts:		<none>
Body:			<none>
HTTP/1.1 201 Created
Server: Cowboy
Connection: keep-alive
X-Powered-By: Express
Content-Type: text/plain; charset=utf-8
Content-Length: 7
Etag: W/"7-rM9AyJuqT6iOan/xHh+AW+7K/T8"
Date: Fri, 20 Aug 2021 14:56:17 GMT
Via: 1.1 vegur

Created
]]></system-out>
  </testcase>
  <testcase name="User calls a webservice to retrieve booking ids firstname&amp;lastname with  for existing bookings" classname="Retreives all bookings for user based on provided parameters" time="2.84">
    <system-out><![CDATA[
@Regression @DeleteTestData
Scenario Outline: User calls a webservice to retrieve booking ids firstname&lastname with  for existing bookings # src/test/resources/features/GetBookingIds.feature:20
Request method:	POST
Request URI:	https://restful-booker.herokuapp.com/booking
Proxy:			<none>
Request params:	<none>
Query params:	<none>
Form params:	<none>
Path params:	<none>
Headers:		Accept=*/*
				Content-Type=application/json; charset=UTF-8
Cookies:		<none>
Multiparts:		<none>
Body:
{
    "firstname": "TGeo",
    "lastname": "IHanks",
    "totalprice": 111,
    "depositpaid": true,
    "bookingdates": {
        "checkin": "2019-12-26",
        "checkout": "2019-12-29"
    },
    "additionalneeds": "Breakfast"
}
{"bookingid":20,"booking":{"firstname":"TGeo","lastname":"IHanks","totalprice":111,"depositpaid":true,"bookingdates":{"checkin":"2019-12-26","checkout":"2019-12-29"},"additionalneeds":"Breakfast"}}
  Given we create test data as follows:                                                                          # stepDefinitions.generic_Steps.we_create_booking_data_as_follows(io.cucumber.datatable.DataTable)
Request method:	GET
Request URI:	https://restful-booker.herokuapp.com/booking?firstname=TGeo&lastname=IHanks
Proxy:			<none>
Request params:	<none>
Query params:	firstname=TGeo
				lastname=IHanks
Form params:	<none>
Path params:	<none>
Headers:		Accept=*/*
Cookies:		<none>
Multiparts:		<none>
Body:			<none>
2021-08-20 16:56:21,214 [INFO  ] Log - ---------- GetBookings by firstname&lastname----------
  When User access getbookings endpoint to search booking using "firstname&lastname" and "TGeo&IHanks"           # stepDefinitions.getBooking_Ids_Params_Steps.user_access_getbookings_endpoint_to_search_booking_using_and(java.lang.String,java.lang.String)
HTTP/1.1 200 OK
Server: Cowboy
Connection: keep-alive
X-Powered-By: Express
Content-Type: application/json; charset=utf-8
Content-Length: 18
Etag: W/"12-wR3GqoZ93gzlaYXniIV7IwuavDE"
Date: Fri, 20 Aug 2021 14:56:18 GMT
Via: 1.1 vegur

[
    {
        "bookingid": 20
    }
]
  Then the response code is 200                                                                                  # stepDefinitions.GenericResponse_Steps.the_response_code_is(java.lang.Integer)
HTTP/1.1 200 OK
Server: Cowboy
Connection: keep-alive
X-Powered-By: Express
Content-Type: application/json; charset=utf-8
Content-Length: 18
Etag: W/"12-wR3GqoZ93gzlaYXniIV7IwuavDE"
Date: Fri, 20 Aug 2021 14:56:18 GMT
Via: 1.1 vegur

[
    {
        "bookingid": 20
    }
]
2021-08-20 16:56:21,243 [INFO  ] Log - ----------Count of booking 1----------
  And countofbookings is ">" 0                                                                                   # stepDefinitions.getBooking_Ids_Params_Steps.the_count_of_bookings_is(java.lang.String,int)
2021-08-20 16:56:21,245 [INFO  ] Log - ****************************************************************************************
2021-08-20 16:56:21,245 [INFO  ] Log - $$$$$$$$$$ GetBooking with id $$$$$$$$$$
Request method:	GET
Request URI:	https://restful-booker.herokuapp.com/booking/20
Proxy:			<none>
Request params:	<none>
Query params:	<none>
Form params:	<none>
Path params:	id=20
Headers:		Accept=*/*
Cookies:		<none>
Multiparts:		<none>
Body:			<none>
HTTP/1.1 200 OK
Server: Cowboy
Connection: keep-alive
X-Powered-By: Express
Content-Type: application/json; charset=utf-8
Content-Length: 170
Etag: W/"aa-JXERkm5nM/vRDtXVl9zk+CfaZOE"
Date: Fri, 20 Aug 2021 14:56:19 GMT
Via: 1.1 vegur

{
    "firstname": "TGeo",
    "lastname": "IHanks",
    "totalprice": 111,
    "depositpaid": true,
    "bookingdates": {
        "checkin": "2019-12-26",
        "checkout": "2019-12-29"
    },
    "additionalneeds": "Breakfast"
}
2021-08-20 16:56:21,761 [INFO  ] Log - ----------Response : 
{
    "firstname": "TGeo",
    "lastname": "IHanks",
    "totalprice": 111,
    "depositpaid": true,
    "bookingdates": {
        "checkin": "2019-12-26",
        "checkout": "2019-12-29"
    },
    "additionalneeds": "Breakfast"
}----------
2021-08-20 16:56:21,761 [INFO  ] Log - $$$$$$$$$$ GetBooking with id $$$$$$$$$$
2021-08-20 16:56:21,762 [INFO  ] Log - ****************************************************************************************
  When user hits GetBooking endpoint with id                                                                     # stepDefinitions.getBooking_ByIdSteps.user_hits_endpoint_with()
  And response contains following values                                                                         # stepDefinitions.GenericResponse_Steps.response_contains_following_values(io.cucumber.datatable.DataTable)
............{"token":"dcc753a5aace553"}
{"token":"dcc753a5aace553"}
2021-08-20 16:56:22,289 [INFO  ] Log - ----------User Token Authorized----------
Request method:	DELETE
Request URI:	https://restful-booker.herokuapp.com/booking/20
Proxy:			<none>
Request params:	<none>
Query params:	<none>
Form params:	<none>
Path params:	id=20
Headers:		Cookie=token=dcc753a5aace553
				Accept=*/*
Cookies:		<none>
Multiparts:		<none>
Body:			<none>
HTTP/1.1 201 Created
Server: Cowboy
Connection: keep-alive
X-Powered-By: Express
Content-Type: text/plain; charset=utf-8
Content-Length: 7
Etag: W/"7-rM9AyJuqT6iOan/xHh+AW+7K/T8"
Date: Fri, 20 Aug 2021 14:56:20 GMT
Via: 1.1 vegur

Created
]]></system-out>
  </testcase>
  <testcase name="User calls a webservice to retrieve booking ids checkin&amp;checkout with  for existing bookings" classname="Retreives all bookings for user based on provided parameters" time="2.353">
    <failure type="java.lang.AssertionError"><![CDATA[java.lang.AssertionError
]]></failure>
    <system-out><![CDATA[
@Regression @DeleteTestData
Scenario Outline: User calls a webservice to retrieve booking ids checkin&checkout with  for existing bookings # src/test/resources/features/GetBookingIds.feature:21
Request method:	POST
Request URI:	https://restful-booker.herokuapp.com/booking
Proxy:			<none>
Request params:	<none>
Query params:	<none>
Form params:	<none>
Path params:	<none>
Headers:		Accept=*/*
				Content-Type=application/json; charset=UTF-8
Cookies:		<none>
Multiparts:		<none>
Body:
{
    "firstname": "TGeo",
    "lastname": "IHanks",
    "totalprice": 111,
    "depositpaid": true,
    "bookingdates": {
        "checkin": "2019-12-26",
        "checkout": "2019-12-29"
    },
    "additionalneeds": "Breakfast"
}
{"bookingid":21,"booking":{"firstname":"TGeo","lastname":"IHanks","totalprice":111,"depositpaid":true,"bookingdates":{"checkin":"2019-12-26","checkout":"2019-12-29"},"additionalneeds":"Breakfast"}}
  Given we create test data as follows:                                                                        # stepDefinitions.generic_Steps.we_create_booking_data_as_follows(io.cucumber.datatable.DataTable)
Request method:	GET
Request URI:	https://restful-booker.herokuapp.com/booking?checkin=2019-12-26&checkout=2019-12-29
Proxy:			<none>
Request params:	<none>
Query params:	checkin=2019-12-26
				checkout=2019-12-29
Form params:	<none>
Path params:	<none>
Headers:		Accept=*/*
Cookies:		<none>
Multiparts:		<none>
Body:			<none>
2021-08-20 16:56:24,118 [INFO  ] Log - ---------- GetBookings by checkin&checkout----------
  When User access getbookings endpoint to search booking using "checkin&checkout" and "2019-12-26&2019-12-29" # stepDefinitions.getBooking_Ids_Params_Steps.user_access_getbookings_endpoint_to_search_booking_using_and(java.lang.String,java.lang.String)
HTTP/1.1 200 OK
Server: Cowboy
Connection: keep-alive
X-Powered-By: Express
Content-Type: application/json; charset=utf-8
Content-Length: 2
Etag: W/"2-l9Fw4VUO7kr8CvBlt4zaMCqXZ0w"
Date: Fri, 20 Aug 2021 14:56:21 GMT
Via: 1.1 vegur

[
    
]
  Then the response code is 200                                                                                # stepDefinitions.GenericResponse_Steps.the_response_code_is(java.lang.Integer)
HTTP/1.1 200 OK
Server: Cowboy
Connection: keep-alive
X-Powered-By: Express
Content-Type: application/json; charset=utf-8
Content-Length: 2
Etag: W/"2-l9Fw4VUO7kr8CvBlt4zaMCqXZ0w"
Date: Fri, 20 Aug 2021 14:56:21 GMT
Via: 1.1 vegur

[
    
]
2021-08-20 16:56:24,148 [INFO  ] Log - ----------Count of booking 0----------
  And countofbookings is ">" 0                                                                                 # stepDefinitions.getBooking_Ids_Params_Steps.the_count_of_bookings_is(java.lang.String,int)
      java.lang.AssertionError
	at org.junit.Assert.fail(Assert.java:86)
	at org.junit.Assert.assertTrue(Assert.java:41)
	at org.junit.Assert.assertTrue(Assert.java:52)
	at stepDefinitions.getBooking_Ids_Params_Steps.the_count_of_bookings_is(getBooking_Ids_Params_Steps.java:40)
	at âœ½.countofbookings is ">" 0(file:///C:/SnehProjects/HotelBooking/src/test/resources/features/GetBookingIds.feature:10)

  When user hits GetBooking endpoint with id                                                                   # stepDefinitions.getBooking_ByIdSteps.user_hits_endpoint_with()
  And response contains following values                                                                       # stepDefinitions.GenericResponse_Steps.response_contains_following_values(io.cucumber.datatable.DataTable)
............{"token":"c5aa2d9db0b6bcd"}
{"token":"c5aa2d9db0b6bcd"}
2021-08-20 16:56:24,702 [INFO  ] Log - ----------User Token Authorized----------
Request method:	DELETE
Request URI:	https://restful-booker.herokuapp.com/booking/21
Proxy:			<none>
Request params:	<none>
Query params:	<none>
Form params:	<none>
Path params:	id=21
Headers:		Cookie=token=c5aa2d9db0b6bcd
				Accept=*/*
Cookies:		<none>
Multiparts:		<none>
Body:			<none>
HTTP/1.1 201 Created
Server: Cowboy
Connection: keep-alive
X-Powered-By: Express
Content-Type: text/plain; charset=utf-8
Content-Length: 7
Etag: W/"7-rM9AyJuqT6iOan/xHh+AW+7K/T8"
Date: Fri, 20 Aug 2021 14:56:22 GMT
Via: 1.1 vegur

Created
]]></system-out>
  </testcase>
  <testcase name="User calls a webservice to get all booking ids" classname="Retreives all bookings for user based on provided parameters" time="0.538">
    <system-out><![CDATA[
@Regression
Scenario: User calls a webservice to get all booking ids # src/test/resources/features/GetBookingIds.feature:24
2021-08-20 16:56:25,239 [INFO  ] Log - ****************************************************************************************
2021-08-20 16:56:25,239 [INFO  ] Log - $$$$$$$$$$  GetBookings by paramenter  $$$$$$$$$$
  When user access the getbookings endpoint              # stepDefinitions.getBooking_Ids_Params_Steps.user_access_the_getbookings_endpoint()
HTTP/1.1 200 OK
Server: Cowboy
Connection: keep-alive
X-Powered-By: Express
Content-Type: application/json; charset=utf-8
Content-Length: 196
Etag: W/"c4-DnJef8M9cbRHh1LNlyB9fWtcrTI"
Date: Fri, 20 Aug 2021 14:56:23 GMT
Via: 1.1 vegur

[
    {
        "bookingid": 4
    },
    {
        "bookingid": 9
    },
    {
        "bookingid": 14
    },
    {
        "bookingid": 7
    },
    {
        "bookingid": 10
    },
    {
        "bookingid": 1
    },
    {
        "bookingid": 8
    },
    {
        "bookingid": 11
    },
    {
        "bookingid": 3
    },
    {
        "bookingid": 6
    },
    {
        "bookingid": 5
    },
    {
        "bookingid": 2
    }
]
  Then the response code is 200                          # stepDefinitions.GenericResponse_Steps.the_response_code_is(java.lang.Integer)
HTTP/1.1 200 OK
Server: Cowboy
Connection: keep-alive
X-Powered-By: Express
Content-Type: application/json; charset=utf-8
Content-Length: 196
Etag: W/"c4-DnJef8M9cbRHh1LNlyB9fWtcrTI"
Date: Fri, 20 Aug 2021 14:56:23 GMT
Via: 1.1 vegur

[
    {
        "bookingid": 4
    },
    {
        "bookingid": 9
    },
    {
        "bookingid": 14
    },
    {
        "bookingid": 7
    },
    {
        "bookingid": 10
    },
    {
        "bookingid": 1
    },
    {
        "bookingid": 8
    },
    {
        "bookingid": 11
    },
    {
        "bookingid": 3
    },
    {
        "bookingid": 6
    },
    {
        "bookingid": 5
    },
    {
        "bookingid": 2
    }
]
2021-08-20 16:56:25,782 [INFO  ] Log - ----------Count of booking 12----------
  And countofbookings is ">" 0                           # stepDefinitions.getBooking_Ids_Params_Steps.the_count_of_bookings_is(java.lang.String,int)
]]></system-out>
  </testcase>
  <testcase name="User calls a webservice to retreive booking ids with firstname for bookings that do not exist" classname="Retreives all bookings for user based on provided parameters" time="0.542">
    <system-out><![CDATA[
@Regression
Scenario Outline: User calls a webservice to retreive booking ids with firstname for bookings that do not exist # src/test/resources/features/GetBookingIds.feature:36
Request method:	GET
Request URI:	https://restful-booker.herokuapp.com/booking?firstname=AAAAA
Proxy:			<none>
Request params:	<none>
Query params:	firstname=AAAAA
Form params:	<none>
Path params:	<none>
Headers:		Accept=*/*
Cookies:		<none>
Multiparts:		<none>
Body:			<none>
2021-08-20 16:56:26,309 [INFO  ] Log - ---------- GetBookings by firstname----------
  When User access getbookings endpoint to search booking using "firstname" and "AAAAA"                         # stepDefinitions.getBooking_Ids_Params_Steps.user_access_getbookings_endpoint_to_search_booking_using_and(java.lang.String,java.lang.String)
HTTP/1.1 200 OK
Server: Cowboy
Connection: keep-alive
X-Powered-By: Express
Content-Type: application/json; charset=utf-8
Content-Length: 2
Etag: W/"2-l9Fw4VUO7kr8CvBlt4zaMCqXZ0w"
Date: Fri, 20 Aug 2021 14:56:23 GMT
Via: 1.1 vegur

[
    
]
  Then the response code is 200                                                                                 # stepDefinitions.GenericResponse_Steps.the_response_code_is(java.lang.Integer)
HTTP/1.1 200 OK
Server: Cowboy
Connection: keep-alive
X-Powered-By: Express
Content-Type: application/json; charset=utf-8
Content-Length: 2
Etag: W/"2-l9Fw4VUO7kr8CvBlt4zaMCqXZ0w"
Date: Fri, 20 Aug 2021 14:56:23 GMT
Via: 1.1 vegur

[
    
]
2021-08-20 16:56:26,331 [INFO  ] Log - ----------Count of booking 0----------
  And countofbookings is "=" 0                                                                                  # stepDefinitions.getBooking_Ids_Params_Steps.the_count_of_bookings_is(java.lang.String,int)
]]></system-out>
  </testcase>
  <testcase name="User calls a webservice to retreive booking ids with lastname for bookings that do not exist" classname="Retreives all bookings for user based on provided parameters" time="0.574">
    <system-out><![CDATA[
@Regression
Scenario Outline: User calls a webservice to retreive booking ids with lastname for bookings that do not exist # src/test/resources/features/GetBookingIds.feature:37
Request method:	GET
Request URI:	https://restful-booker.herokuapp.com/booking?lastname=eeeBrown
Proxy:			<none>
Request params:	<none>
Query params:	lastname=eeeBrown
Form params:	<none>
Path params:	<none>
Headers:		Accept=*/*
Cookies:		<none>
Multiparts:		<none>
Body:			<none>
2021-08-20 16:56:26,837 [INFO  ] Log - ---------- GetBookings by lastname----------
  When User access getbookings endpoint to search booking using "lastname" and "eeeBrown"                      # stepDefinitions.getBooking_Ids_Params_Steps.user_access_getbookings_endpoint_to_search_booking_using_and(java.lang.String,java.lang.String)
HTTP/1.1 200 OK
Server: Cowboy
Connection: keep-alive
X-Powered-By: Express
Content-Type: application/json; charset=utf-8
Content-Length: 2
Etag: W/"2-l9Fw4VUO7kr8CvBlt4zaMCqXZ0w"
Date: Fri, 20 Aug 2021 14:56:24 GMT
Via: 1.1 vegur

[
    
]
  Then the response code is 200                                                                                # stepDefinitions.GenericResponse_Steps.the_response_code_is(java.lang.Integer)
HTTP/1.1 200 OK
Server: Cowboy
Connection: keep-alive
X-Powered-By: Express
Content-Type: application/json; charset=utf-8
Content-Length: 2
Etag: W/"2-l9Fw4VUO7kr8CvBlt4zaMCqXZ0w"
Date: Fri, 20 Aug 2021 14:56:24 GMT
Via: 1.1 vegur

[
    
]
2021-08-20 16:56:26,880 [INFO  ] Log - ----------Count of booking 0----------
  And countofbookings is "=" 0                                                                                 # stepDefinitions.getBooking_Ids_Params_Steps.the_count_of_bookings_is(java.lang.String,int)
]]></system-out>
  </testcase>
  <testcase name="User calls a webservice to retreive booking ids with firstname&amp;lastname for bookings that do not exist" classname="Retreives all bookings for user based on provided parameters" time="0.707">
    <system-out><![CDATA[
@Regression
Scenario Outline: User calls a webservice to retreive booking ids with firstname&lastname for bookings that do not exist # src/test/resources/features/GetBookingIds.feature:38
Request method:	GET
Request URI:	https://restful-booker.herokuapp.com/booking?firstname=Tim23&lastname=Brown12
Proxy:			<none>
Request params:	<none>
Query params:	firstname=Tim23
				lastname=Brown12
Form params:	<none>
Path params:	<none>
Headers:		Accept=*/*
Cookies:		<none>
Multiparts:		<none>
Body:			<none>
2021-08-20 16:56:27,569 [INFO  ] Log - ---------- GetBookings by firstname&lastname----------
  When User access getbookings endpoint to search booking using "firstname&lastname" and "Tim23&Brown12"                 # stepDefinitions.getBooking_Ids_Params_Steps.user_access_getbookings_endpoint_to_search_booking_using_and(java.lang.String,java.lang.String)
HTTP/1.1 200 OK
Server: Cowboy
Connection: keep-alive
X-Powered-By: Express
Content-Type: application/json; charset=utf-8
Content-Length: 2
Etag: W/"2-l9Fw4VUO7kr8CvBlt4zaMCqXZ0w"
Date: Fri, 20 Aug 2021 14:56:24 GMT
Via: 1.1 vegur

[
    
]
  Then the response code is 200                                                                                          # stepDefinitions.GenericResponse_Steps.the_response_code_is(java.lang.Integer)
HTTP/1.1 200 OK
Server: Cowboy
Connection: keep-alive
X-Powered-By: Express
Content-Type: application/json; charset=utf-8
Content-Length: 2
Etag: W/"2-l9Fw4VUO7kr8CvBlt4zaMCqXZ0w"
Date: Fri, 20 Aug 2021 14:56:24 GMT
Via: 1.1 vegur

[
    
]
2021-08-20 16:56:27,599 [INFO  ] Log - ----------Count of booking 0----------
  And countofbookings is "=" 0                                                                                           # stepDefinitions.getBooking_Ids_Params_Steps.the_count_of_bookings_is(java.lang.String,int)
]]></system-out>
  </testcase>
  <testcase name="User calls a webservice to retreive booking ids with checkin&amp;checkout for bookings that do not exist" classname="Retreives all bookings for user based on provided parameters" time="0.628">
    <system-out><![CDATA[
@Regression
Scenario Outline: User calls a webservice to retreive booking ids with checkin&checkout for bookings that do not exist # src/test/resources/features/GetBookingIds.feature:39
Request method:	GET
Request URI:	https://restful-booker.herokuapp.com/booking?checkin=2007-01-01&checkout=2008-01-01
Proxy:			<none>
Request params:	<none>
Query params:	checkin=2007-01-01
				checkout=2008-01-01
Form params:	<none>
Path params:	<none>
Headers:		Accept=*/*
Cookies:		<none>
Multiparts:		<none>
Body:			<none>
2021-08-20 16:56:28,109 [INFO  ] Log - ---------- GetBookings by checkin&checkout----------
  When User access getbookings endpoint to search booking using "checkin&checkout" and "2007-01-01&2008-01-01"         # stepDefinitions.getBooking_Ids_Params_Steps.user_access_getbookings_endpoint_to_search_booking_using_and(java.lang.String,java.lang.String)
HTTP/1.1 200 OK
Server: Cowboy
Connection: keep-alive
X-Powered-By: Express
Content-Type: application/json; charset=utf-8
Content-Length: 2
Etag: W/"2-l9Fw4VUO7kr8CvBlt4zaMCqXZ0w"
Date: Fri, 20 Aug 2021 14:56:25 GMT
Via: 1.1 vegur

[
    
]
  Then the response code is 200                                                                                        # stepDefinitions.GenericResponse_Steps.the_response_code_is(java.lang.Integer)
HTTP/1.1 200 OK
Server: Cowboy
Connection: keep-alive
X-Powered-By: Express
Content-Type: application/json; charset=utf-8
Content-Length: 2
Etag: W/"2-l9Fw4VUO7kr8CvBlt4zaMCqXZ0w"
Date: Fri, 20 Aug 2021 14:56:25 GMT
Via: 1.1 vegur

[
    
]
2021-08-20 16:56:28,144 [INFO  ] Log - ----------Count of booking 0----------
  And countofbookings is "=" 0                                                                                         # stepDefinitions.getBooking_Ids_Params_Steps.the_count_of_bookings_is(java.lang.String,int)
]]></system-out>
  </testcase>
  <testcase name="User calls a webservice to retreive booking ids with firstname&amp;lastname&amp;checkin&amp;checkout for bookings that do not exist" classname="Retreives all bookings for user based on provided parameters" time="0.531">
    <system-out><![CDATA[
@Regression
Scenario Outline: User calls a webservice to retreive booking ids with firstname&lastname&checkin&checkout for bookings that do not exist       # src/test/resources/features/GetBookingIds.feature:40
Request method:	GET
Request URI:	https://restful-booker.herokuapp.com/booking?firstname=Jittm&checkin=2018-01-01&checkout=2019-01-01&lastname=Brttown
Proxy:			<none>
Request params:	<none>
Query params:	firstname=Jittm
				checkin=2018-01-01
				checkout=2019-01-01
				lastname=Brttown
Form params:	<none>
Path params:	<none>
Headers:		Accept=*/*
Cookies:		<none>
Multiparts:		<none>
Body:			<none>
2021-08-20 16:56:28,723 [INFO  ] Log - ---------- GetBookings by firstname&lastname&checkin&checkout----------
  When User access getbookings endpoint to search booking using "firstname&lastname&checkin&checkout" and "Jittm&Brttown&2018-01-01&2019-01-01" # stepDefinitions.getBooking_Ids_Params_Steps.user_access_getbookings_endpoint_to_search_booking_using_and(java.lang.String,java.lang.String)
HTTP/1.1 200 OK
Server: Cowboy
Connection: keep-alive
X-Powered-By: Express
Content-Type: application/json; charset=utf-8
Content-Length: 2
Etag: W/"2-l9Fw4VUO7kr8CvBlt4zaMCqXZ0w"
Date: Fri, 20 Aug 2021 14:56:26 GMT
Via: 1.1 vegur

[
    
]
  Then the response code is 200                                                                                                                 # stepDefinitions.GenericResponse_Steps.the_response_code_is(java.lang.Integer)
HTTP/1.1 200 OK
Server: Cowboy
Connection: keep-alive
X-Powered-By: Express
Content-Type: application/json; charset=utf-8
Content-Length: 2
Etag: W/"2-l9Fw4VUO7kr8CvBlt4zaMCqXZ0w"
Date: Fri, 20 Aug 2021 14:56:26 GMT
Via: 1.1 vegur

[
    
]
2021-08-20 16:56:28,750 [INFO  ] Log - ----------Count of booking 0----------
  And countofbookings is "=" 0                                                                                                                  # stepDefinitions.getBooking_Ids_Params_Steps.the_count_of_bookings_is(java.lang.String,int)
]]></system-out>
  </testcase>
  <testcase name="Authorized User calls the webservice to update existing booking with firstname" classname="Updates details of the existing bookings" time="2.781">
    <system-out><![CDATA[
@DeleteTestData @Regression
Scenario Outline: Authorized User calls the webservice to update existing booking with firstname # src/test/resources/features/PartialUpdateBooking.feature:19
Request method:	POST
Request URI:	https://restful-booker.herokuapp.com/booking
Proxy:			<none>
Request params:	<none>
Query params:	<none>
Form params:	<none>
Path params:	<none>
Headers:		Accept=*/*
				Content-Type=application/json; charset=UTF-8
Cookies:		<none>
Multiparts:		<none>
Body:
{
    "firstname": "Carry",
    "lastname": "Trotller",
    "totalprice": 111,
    "depositpaid": true,
    "bookingdates": {
        "checkin": "2018-01-01",
        "checkout": "2019-01-01"
    },
    "additionalneeds": "Breakfast"
}
{"bookingid":22,"booking":{"firstname":"Carry","lastname":"Trotller","totalprice":111,"depositpaid":true,"bookingdates":{"checkin":"2018-01-01","checkout":"2019-01-01"},"additionalneeds":"Breakfast"}}
  Given we create test data as follows:                                                          # stepDefinitions.generic_Steps.we_create_booking_data_as_follows(io.cucumber.datatable.DataTable)
............{"token":"ad09dba574429f1"}
{"token":"ad09dba574429f1"}
2021-08-20 16:56:29,958 [INFO  ] Log - ----------User Token Authorized----------
  Given I am authorized user                                                                     # stepDefinitions.generic_Steps.user_is_authorized()
2021-08-20 16:56:29,960 [INFO  ] Log - ****************************************************************************************
2021-08-20 16:56:29,960 [INFO  ] Log - $$$$$$$$$$  Partial update booking details  $$$$$$$$$$
Request method:	PATCH
Request URI:	https://restful-booker.herokuapp.com/booking/22
Proxy:			<none>
Request params:	<none>
Query params:	<none>
Form params:	<none>
Path params:	id=22
Headers:		Cookie=token=ad09dba574429f1
				Accept=*/*
				Content-Type=application/json; charset=UTF-8
Cookies:		<none>
Multiparts:		<none>
Body:
{
    "firstname": "Sherry"
}
&&&&***********         partial response   ************* &&&&
{
    "firstname": "Sherry",
    "lastname": "Trotller",
    "totalprice": 111,
    "depositpaid": true,
    "bookingdates": {
        "checkin": "2018-01-01",
        "checkout": "2019-01-01"
    },
    "additionalneeds": "Breakfast"
}
2021-08-20 16:56:30,482 [INFO  ] Log - ---------- Response : ----------
2021-08-20 16:56:30,483 [INFO  ] Log - ----------{
    "firstname": "Sherry",
    "lastname": "Trotller",
    "totalprice": 111,
    "depositpaid": true,
    "bookingdates": {
        "checkin": "2018-01-01",
        "checkout": "2019-01-01"
    },
    "additionalneeds": "Breakfast"
}----------
2021-08-20 16:56:30,484 [INFO  ] Log - $$$$$$$$$$  Partial update booking details completed  $$$$$$$$$$
2021-08-20 16:56:30,484 [INFO  ] Log - ****************************************************************************************
  When user updates the booking details "firstname" and "Sherry"                                 # stepDefinitions.partialUpdate_Steps.user_updates_the_booking_details_and(java.lang.String,java.lang.String)
HTTP/1.1 200 OK
Server: Cowboy
Connection: keep-alive
X-Powered-By: Express
Content-Type: application/json; charset=utf-8
Content-Length: 174
Etag: W/"ae-XNQy3bmPfesbtB/pnjrvvxWcf2k"
Date: Fri, 20 Aug 2021 14:56:27 GMT
Via: 1.1 vegur

{
    "firstname": "Sherry",
    "lastname": "Trotller",
    "totalprice": 111,
    "depositpaid": true,
    "bookingdates": {
        "checkin": "2018-01-01",
        "checkout": "2019-01-01"
    },
    "additionalneeds": "Breakfast"
}
  Then the response code is 200                                                                  # stepDefinitions.GenericResponse_Steps.the_response_code_is(java.lang.Integer)
  And response contains following values                                                         # stepDefinitions.GenericResponse_Steps.response_contains_following_values(io.cucumber.datatable.DataTable)
............{"token":"bce1279bbd23f72"}
{"token":"bce1279bbd23f72"}
2021-08-20 16:56:31,020 [INFO  ] Log - ----------User Token Authorized----------
Request method:	DELETE
Request URI:	https://restful-booker.herokuapp.com/booking/22
Proxy:			<none>
Request params:	<none>
Query params:	<none>
Form params:	<none>
Path params:	id=22
Headers:		Cookie=token=bce1279bbd23f72
				Accept=*/*
Cookies:		<none>
Multiparts:		<none>
Body:			<none>
HTTP/1.1 201 Created
Server: Cowboy
Connection: keep-alive
X-Powered-By: Express
Content-Type: text/plain; charset=utf-8
Content-Length: 7
Etag: W/"7-rM9AyJuqT6iOan/xHh+AW+7K/T8"
Date: Fri, 20 Aug 2021 14:56:28 GMT
Via: 1.1 vegur

Created
]]></system-out>
  </testcase>
  <testcase name="Authorized User calls the webservice to update existing booking with lastname" classname="Updates details of the existing bookings" time="2.745">
    <system-out><![CDATA[
@DeleteTestData @Regression
Scenario Outline: Authorized User calls the webservice to update existing booking with lastname # src/test/resources/features/PartialUpdateBooking.feature:20
Request method:	POST
Request URI:	https://restful-booker.herokuapp.com/booking
Proxy:			<none>
Request params:	<none>
Query params:	<none>
Form params:	<none>
Path params:	<none>
Headers:		Accept=*/*
				Content-Type=application/json; charset=UTF-8
Cookies:		<none>
Multiparts:		<none>
Body:
{
    "firstname": "Carry",
    "lastname": "Trotller",
    "totalprice": 111,
    "depositpaid": true,
    "bookingdates": {
        "checkin": "2018-01-01",
        "checkout": "2019-01-01"
    },
    "additionalneeds": "Breakfast"
}
{"bookingid":23,"booking":{"firstname":"Carry","lastname":"Trotller","totalprice":111,"depositpaid":true,"bookingdates":{"checkin":"2018-01-01","checkout":"2019-01-01"},"additionalneeds":"Breakfast"}}
  Given we create test data as follows:                                                         # stepDefinitions.generic_Steps.we_create_booking_data_as_follows(io.cucumber.datatable.DataTable)
............{"token":"c5b7ea184e4334a"}
{"token":"c5b7ea184e4334a"}
2021-08-20 16:56:32,616 [INFO  ] Log - ----------User Token Authorized----------
  Given I am authorized user                                                                    # stepDefinitions.generic_Steps.user_is_authorized()
2021-08-20 16:56:32,618 [INFO  ] Log - ****************************************************************************************
2021-08-20 16:56:32,618 [INFO  ] Log - $$$$$$$$$$  Partial update booking details  $$$$$$$$$$
Request method:	PATCH
Request URI:	https://restful-booker.herokuapp.com/booking/23
Proxy:			<none>
Request params:	<none>
Query params:	<none>
Form params:	<none>
Path params:	id=23
Headers:		Cookie=token=c5b7ea184e4334a
				Accept=*/*
				Content-Type=application/json; charset=UTF-8
Cookies:		<none>
Multiparts:		<none>
Body:
{
    "lastname": "High"
}
&&&&***********         partial response   ************* &&&&
{
    "firstname": "Carry",
    "lastname": "High",
    "totalprice": 111,
    "depositpaid": true,
    "bookingdates": {
        "checkin": "2018-01-01",
        "checkout": "2019-01-01"
    },
    "additionalneeds": "Breakfast"
}
2021-08-20 16:56:33,213 [INFO  ] Log - ---------- Response : ----------
2021-08-20 16:56:33,215 [INFO  ] Log - ----------{
    "firstname": "Carry",
    "lastname": "High",
    "totalprice": 111,
    "depositpaid": true,
    "bookingdates": {
        "checkin": "2018-01-01",
        "checkout": "2019-01-01"
    },
    "additionalneeds": "Breakfast"
}----------
2021-08-20 16:56:33,215 [INFO  ] Log - $$$$$$$$$$  Partial update booking details completed  $$$$$$$$$$
2021-08-20 16:56:33,215 [INFO  ] Log - ****************************************************************************************
  When user updates the booking details "lastname" and "High"                                   # stepDefinitions.partialUpdate_Steps.user_updates_the_booking_details_and(java.lang.String,java.lang.String)
HTTP/1.1 200 OK
Server: Cowboy
Connection: keep-alive
X-Powered-By: Express
Content-Type: application/json; charset=utf-8
Content-Length: 169
Etag: W/"a9-PQmX84LnxW9Q/SU5AJQD3gB+N6s"
Date: Fri, 20 Aug 2021 14:56:30 GMT
Via: 1.1 vegur

{
    "firstname": "Carry",
    "lastname": "High",
    "totalprice": 111,
    "depositpaid": true,
    "bookingdates": {
        "checkin": "2018-01-01",
        "checkout": "2019-01-01"
    },
    "additionalneeds": "Breakfast"
}
  Then the response code is 200                                                                 # stepDefinitions.GenericResponse_Steps.the_response_code_is(java.lang.Integer)
  And response contains following values                                                        # stepDefinitions.GenericResponse_Steps.response_contains_following_values(io.cucumber.datatable.DataTable)
............{"token":"17b510fecf43f4d"}
{"token":"17b510fecf43f4d"}
2021-08-20 16:56:33,750 [INFO  ] Log - ----------User Token Authorized----------
Request method:	DELETE
Request URI:	https://restful-booker.herokuapp.com/booking/23
Proxy:			<none>
Request params:	<none>
Query params:	<none>
Form params:	<none>
Path params:	id=23
Headers:		Cookie=token=17b510fecf43f4d
				Accept=*/*
Cookies:		<none>
Multiparts:		<none>
Body:			<none>
HTTP/1.1 201 Created
Server: Cowboy
Connection: keep-alive
X-Powered-By: Express
Content-Type: text/plain; charset=utf-8
Content-Length: 7
Etag: W/"7-rM9AyJuqT6iOan/xHh+AW+7K/T8"
Date: Fri, 20 Aug 2021 14:56:31 GMT
Via: 1.1 vegur

Created
]]></system-out>
  </testcase>
  <testcase name="Authorized User calls the webservice to update existing booking with totalprice" classname="Updates details of the existing bookings" time="2.652">
    <system-out><![CDATA[
@DeleteTestData @Regression
Scenario Outline: Authorized User calls the webservice to update existing booking with totalprice # src/test/resources/features/PartialUpdateBooking.feature:21
Request method:	POST
Request URI:	https://restful-booker.herokuapp.com/booking
Proxy:			<none>
Request params:	<none>
Query params:	<none>
Form params:	<none>
Path params:	<none>
Headers:		Accept=*/*
				Content-Type=application/json; charset=UTF-8
Cookies:		<none>
Multiparts:		<none>
Body:
{
    "firstname": "Carry",
    "lastname": "Trotller",
    "totalprice": 111,
    "depositpaid": true,
    "bookingdates": {
        "checkin": "2018-01-01",
        "checkout": "2019-01-01"
    },
    "additionalneeds": "Breakfast"
}
{"bookingid":24,"booking":{"firstname":"Carry","lastname":"Trotller","totalprice":111,"depositpaid":true,"bookingdates":{"checkin":"2018-01-01","checkout":"2019-01-01"},"additionalneeds":"Breakfast"}}
  Given we create test data as follows:                                                           # stepDefinitions.generic_Steps.we_create_booking_data_as_follows(io.cucumber.datatable.DataTable)
............{"token":"b1ed08377700279"}
{"token":"b1ed08377700279"}
2021-08-20 16:56:35,361 [INFO  ] Log - ----------User Token Authorized----------
  Given I am authorized user                                                                      # stepDefinitions.generic_Steps.user_is_authorized()
2021-08-20 16:56:35,362 [INFO  ] Log - ****************************************************************************************
2021-08-20 16:56:35,362 [INFO  ] Log - $$$$$$$$$$  Partial update booking details  $$$$$$$$$$
Request method:	PATCH
Request URI:	https://restful-booker.herokuapp.com/booking/24
Proxy:			<none>
Request params:	<none>
Query params:	<none>
Form params:	<none>
Path params:	id=24
Headers:		Cookie=token=b1ed08377700279
				Accept=*/*
				Content-Type=application/json; charset=UTF-8
Cookies:		<none>
Multiparts:		<none>
Body:
{
    "totalprice": "332"
}
&&&&***********         partial response   ************* &&&&
{
    "firstname": "Carry",
    "lastname": "Trotller",
    "totalprice": 332,
    "depositpaid": true,
    "bookingdates": {
        "checkin": "2018-01-01",
        "checkout": "2019-01-01"
    },
    "additionalneeds": "Breakfast"
}
2021-08-20 16:56:35,882 [INFO  ] Log - ---------- Response : ----------
2021-08-20 16:56:35,884 [INFO  ] Log - ----------{
    "firstname": "Carry",
    "lastname": "Trotller",
    "totalprice": 332,
    "depositpaid": true,
    "bookingdates": {
        "checkin": "2018-01-01",
        "checkout": "2019-01-01"
    },
    "additionalneeds": "Breakfast"
}----------
2021-08-20 16:56:35,887 [INFO  ] Log - $$$$$$$$$$  Partial update booking details completed  $$$$$$$$$$
2021-08-20 16:56:35,887 [INFO  ] Log - ****************************************************************************************
  When user updates the booking details "totalprice" and "332"                                    # stepDefinitions.partialUpdate_Steps.user_updates_the_booking_details_and(java.lang.String,java.lang.String)
HTTP/1.1 200 OK
Server: Cowboy
Connection: keep-alive
X-Powered-By: Express
Content-Type: application/json; charset=utf-8
Content-Length: 173
Etag: W/"ad-tn5JMrgn4+tF3KuiSkM3VyjPRa4"
Date: Fri, 20 Aug 2021 14:56:33 GMT
Via: 1.1 vegur

{
    "firstname": "Carry",
    "lastname": "Trotller",
    "totalprice": 332,
    "depositpaid": true,
    "bookingdates": {
        "checkin": "2018-01-01",
        "checkout": "2019-01-01"
    },
    "additionalneeds": "Breakfast"
}
  Then the response code is 200                                                                   # stepDefinitions.GenericResponse_Steps.the_response_code_is(java.lang.Integer)
  And response contains following values                                                          # stepDefinitions.GenericResponse_Steps.response_contains_following_values(io.cucumber.datatable.DataTable)
............{"token":"43899fa6a38bb5b"}
{"token":"43899fa6a38bb5b"}
2021-08-20 16:56:36,413 [INFO  ] Log - ----------User Token Authorized----------
Request method:	DELETE
Request URI:	https://restful-booker.herokuapp.com/booking/24
Proxy:			<none>
Request params:	<none>
Query params:	<none>
Form params:	<none>
Path params:	id=24
Headers:		Cookie=token=43899fa6a38bb5b
				Accept=*/*
Cookies:		<none>
Multiparts:		<none>
Body:			<none>
HTTP/1.1 201 Created
Server: Cowboy
Connection: keep-alive
X-Powered-By: Express
Content-Type: text/plain; charset=utf-8
Content-Length: 7
Etag: W/"7-rM9AyJuqT6iOan/xHh+AW+7K/T8"
Date: Fri, 20 Aug 2021 14:56:34 GMT
Via: 1.1 vegur

Created
]]></system-out>
  </testcase>
  <testcase name="Authorized User calls the webservice to update existing booking with depositpaid" classname="Updates details of the existing bookings" time="2.61">
    <system-out><![CDATA[
@DeleteTestData @Regression
Scenario Outline: Authorized User calls the webservice to update existing booking with depositpaid # src/test/resources/features/PartialUpdateBooking.feature:22
Request method:	POST
Request URI:	https://restful-booker.herokuapp.com/booking
Proxy:			<none>
Request params:	<none>
Query params:	<none>
Form params:	<none>
Path params:	<none>
Headers:		Accept=*/*
				Content-Type=application/json; charset=UTF-8
Cookies:		<none>
Multiparts:		<none>
Body:
{
    "firstname": "Carry",
    "lastname": "Trotller",
    "totalprice": 111,
    "depositpaid": true,
    "bookingdates": {
        "checkin": "2018-01-01",
        "checkout": "2019-01-01"
    },
    "additionalneeds": "Breakfast"
}
{"bookingid":25,"booking":{"firstname":"Carry","lastname":"Trotller","totalprice":111,"depositpaid":true,"bookingdates":{"checkin":"2018-01-01","checkout":"2019-01-01"},"additionalneeds":"Breakfast"}}
  Given we create test data as follows:                                                            # stepDefinitions.generic_Steps.we_create_booking_data_as_follows(io.cucumber.datatable.DataTable)
............{"token":"0ddc3eb61bd0181"}
{"token":"0ddc3eb61bd0181"}
2021-08-20 16:56:37,965 [INFO  ] Log - ----------User Token Authorized----------
  Given I am authorized user                                                                       # stepDefinitions.generic_Steps.user_is_authorized()
2021-08-20 16:56:37,966 [INFO  ] Log - ****************************************************************************************
2021-08-20 16:56:37,966 [INFO  ] Log - $$$$$$$$$$  Partial update booking details  $$$$$$$$$$
Request method:	PATCH
Request URI:	https://restful-booker.herokuapp.com/booking/25
Proxy:			<none>
Request params:	<none>
Query params:	<none>
Form params:	<none>
Path params:	id=25
Headers:		Cookie=token=0ddc3eb61bd0181
				Accept=*/*
				Content-Type=application/json; charset=UTF-8
Cookies:		<none>
Multiparts:		<none>
Body:
{
    "depositpaid": false
}
&&&&***********         partial response   ************* &&&&
{
    "firstname": "Carry",
    "lastname": "Trotller",
    "totalprice": 111,
    "depositpaid": false,
    "bookingdates": {
        "checkin": "2018-01-01",
        "checkout": "2019-01-01"
    },
    "additionalneeds": "Breakfast"
}
2021-08-20 16:56:38,475 [INFO  ] Log - ---------- Response : ----------
2021-08-20 16:56:38,476 [INFO  ] Log - ----------{
    "firstname": "Carry",
    "lastname": "Trotller",
    "totalprice": 111,
    "depositpaid": false,
    "bookingdates": {
        "checkin": "2018-01-01",
        "checkout": "2019-01-01"
    },
    "additionalneeds": "Breakfast"
}----------
2021-08-20 16:56:38,476 [INFO  ] Log - $$$$$$$$$$  Partial update booking details completed  $$$$$$$$$$
2021-08-20 16:56:38,477 [INFO  ] Log - ****************************************************************************************
  When user updates the booking details "depositpaid" and "false"                                  # stepDefinitions.partialUpdate_Steps.user_updates_the_booking_details_and(java.lang.String,java.lang.String)
HTTP/1.1 200 OK
Server: Cowboy
Connection: keep-alive
X-Powered-By: Express
Content-Type: application/json; charset=utf-8
Content-Length: 174
Etag: W/"ae-kxZ5uqS2vcKsh3BtuUjdl+WyVi4"
Date: Fri, 20 Aug 2021 14:56:35 GMT
Via: 1.1 vegur

{
    "firstname": "Carry",
    "lastname": "Trotller",
    "totalprice": 111,
    "depositpaid": false,
    "bookingdates": {
        "checkin": "2018-01-01",
        "checkout": "2019-01-01"
    },
    "additionalneeds": "Breakfast"
}
  Then the response code is 200                                                                    # stepDefinitions.GenericResponse_Steps.the_response_code_is(java.lang.Integer)
  And response contains following values                                                           # stepDefinitions.GenericResponse_Steps.response_contains_following_values(io.cucumber.datatable.DataTable)
............{"token":"0efcbb3dfbaad65"}
{"token":"0efcbb3dfbaad65"}
2021-08-20 16:56:39,050 [INFO  ] Log - ----------User Token Authorized----------
Request method:	DELETE
Request URI:	https://restful-booker.herokuapp.com/booking/25
Proxy:			<none>
Request params:	<none>
Query params:	<none>
Form params:	<none>
Path params:	id=25
Headers:		Cookie=token=0efcbb3dfbaad65
				Accept=*/*
Cookies:		<none>
Multiparts:		<none>
Body:			<none>
HTTP/1.1 201 Created
Server: Cowboy
Connection: keep-alive
X-Powered-By: Express
Content-Type: text/plain; charset=utf-8
Content-Length: 7
Etag: W/"7-rM9AyJuqT6iOan/xHh+AW+7K/T8"
Date: Fri, 20 Aug 2021 14:56:36 GMT
Via: 1.1 vegur

Created
]]></system-out>
  </testcase>
  <testcase name="Authorized User calls the webservice to update existing booking with firstname&amp;lastname" classname="Updates details of the existing bookings" time="3.52">
    <system-out><![CDATA[
@DeleteTestData @Regression
Scenario Outline: Authorized User calls the webservice to update existing booking with firstname&lastname # src/test/resources/features/PartialUpdateBooking.feature:23
Request method:	POST
Request URI:	https://restful-booker.herokuapp.com/booking
Proxy:			<none>
Request params:	<none>
Query params:	<none>
Form params:	<none>
Path params:	<none>
Headers:		Accept=*/*
				Content-Type=application/json; charset=UTF-8
Cookies:		<none>
Multiparts:		<none>
Body:
{
    "firstname": "Carry",
    "lastname": "Trotller",
    "totalprice": 111,
    "depositpaid": true,
    "bookingdates": {
        "checkin": "2018-01-01",
        "checkout": "2019-01-01"
    },
    "additionalneeds": "Breakfast"
}
{"bookingid":26,"booking":{"firstname":"Carry","lastname":"Trotller","totalprice":111,"depositpaid":true,"bookingdates":{"checkin":"2018-01-01","checkout":"2019-01-01"},"additionalneeds":"Breakfast"}}
  Given we create test data as follows:                                                                   # stepDefinitions.generic_Steps.we_create_booking_data_as_follows(io.cucumber.datatable.DataTable)
............{"token":"25a43af9908e478"}
{"token":"25a43af9908e478"}
2021-08-20 16:56:41,608 [INFO  ] Log - ----------User Token Authorized----------
  Given I am authorized user                                                                              # stepDefinitions.generic_Steps.user_is_authorized()
2021-08-20 16:56:41,609 [INFO  ] Log - ****************************************************************************************
2021-08-20 16:56:41,609 [INFO  ] Log - $$$$$$$$$$  Partial update booking details  $$$$$$$$$$
Request method:	PATCH
Request URI:	https://restful-booker.herokuapp.com/booking/26
Proxy:			<none>
Request params:	<none>
Query params:	<none>
Form params:	<none>
Path params:	id=26
Headers:		Cookie=token=25a43af9908e478
				Accept=*/*
				Content-Type=application/json; charset=UTF-8
Cookies:		<none>
Multiparts:		<none>
Body:
{
    "firstname": "Terry",
    "lastname": "Low"
}
&&&&***********         partial response   ************* &&&&
{
    "firstname": "Terry",
    "lastname": "Low",
    "totalprice": 111,
    "depositpaid": true,
    "bookingdates": {
        "checkin": "2018-01-01",
        "checkout": "2019-01-01"
    },
    "additionalneeds": "Breakfast"
}
2021-08-20 16:56:42,098 [INFO  ] Log - ---------- Response : ----------
2021-08-20 16:56:42,098 [INFO  ] Log - ----------{
    "firstname": "Terry",
    "lastname": "Low",
    "totalprice": 111,
    "depositpaid": true,
    "bookingdates": {
        "checkin": "2018-01-01",
        "checkout": "2019-01-01"
    },
    "additionalneeds": "Breakfast"
}----------
2021-08-20 16:56:42,098 [INFO  ] Log - $$$$$$$$$$  Partial update booking details completed  $$$$$$$$$$
2021-08-20 16:56:42,098 [INFO  ] Log - ****************************************************************************************
  When user updates the booking details "firstname&lastname" and "Terry&Low"                              # stepDefinitions.partialUpdate_Steps.user_updates_the_booking_details_and(java.lang.String,java.lang.String)
HTTP/1.1 200 OK
Server: Cowboy
Connection: keep-alive
X-Powered-By: Express
Content-Type: application/json; charset=utf-8
Content-Length: 168
Etag: W/"a8-0jRureND6s8N5TbLFu6jX/AZxr4"
Date: Fri, 20 Aug 2021 14:56:39 GMT
Via: 1.1 vegur

{
    "firstname": "Terry",
    "lastname": "Low",
    "totalprice": 111,
    "depositpaid": true,
    "bookingdates": {
        "checkin": "2018-01-01",
        "checkout": "2019-01-01"
    },
    "additionalneeds": "Breakfast"
}
  Then the response code is 200                                                                           # stepDefinitions.GenericResponse_Steps.the_response_code_is(java.lang.Integer)
  And response contains following values                                                                  # stepDefinitions.GenericResponse_Steps.response_contains_following_values(io.cucumber.datatable.DataTable)
............{"token":"879079b385e4286"}
{"token":"879079b385e4286"}
2021-08-20 16:56:42,590 [INFO  ] Log - ----------User Token Authorized----------
Request method:	DELETE
Request URI:	https://restful-booker.herokuapp.com/booking/26
Proxy:			<none>
Request params:	<none>
Query params:	<none>
Form params:	<none>
Path params:	id=26
Headers:		Cookie=token=879079b385e4286
				Accept=*/*
Cookies:		<none>
Multiparts:		<none>
Body:			<none>
HTTP/1.1 201 Created
Server: Cowboy
Connection: keep-alive
X-Powered-By: Express
Content-Type: text/plain; charset=utf-8
Content-Length: 7
Etag: W/"7-rM9AyJuqT6iOan/xHh+AW+7K/T8"
Date: Fri, 20 Aug 2021 14:56:40 GMT
Via: 1.1 vegur

Created
]]></system-out>
  </testcase>
  <testcase name="Authorized User calls the webservice to update existing booking with checkin&amp;checkout" classname="Updates details of the existing bookings" time="2.586">
    <system-out><![CDATA[
@DeleteTestData @Regression
Scenario Outline: Authorized User calls the webservice to update existing booking with checkin&checkout # src/test/resources/features/PartialUpdateBooking.feature:24
Request method:	POST
Request URI:	https://restful-booker.herokuapp.com/booking
Proxy:			<none>
Request params:	<none>
Query params:	<none>
Form params:	<none>
Path params:	<none>
Headers:		Accept=*/*
				Content-Type=application/json; charset=UTF-8
Cookies:		<none>
Multiparts:		<none>
Body:
{
    "firstname": "Carry",
    "lastname": "Trotller",
    "totalprice": 111,
    "depositpaid": true,
    "bookingdates": {
        "checkin": "2018-01-01",
        "checkout": "2019-01-01"
    },
    "additionalneeds": "Breakfast"
}
{"bookingid":27,"booking":{"firstname":"Carry","lastname":"Trotller","totalprice":111,"depositpaid":true,"bookingdates":{"checkin":"2018-01-01","checkout":"2019-01-01"},"additionalneeds":"Breakfast"}}
  Given we create test data as follows:                                                                 # stepDefinitions.generic_Steps.we_create_booking_data_as_follows(io.cucumber.datatable.DataTable)
............{"token":"149e380308f03b1"}
{"token":"149e380308f03b1"}
2021-08-20 16:56:44,074 [INFO  ] Log - ----------User Token Authorized----------
  Given I am authorized user                                                                            # stepDefinitions.generic_Steps.user_is_authorized()
2021-08-20 16:56:44,075 [INFO  ] Log - ****************************************************************************************
2021-08-20 16:56:44,075 [INFO  ] Log - $$$$$$$$$$  Partial update booking details  $$$$$$$$$$
In ELSE statementfalsecheckin g.df.dsfadsfdsfadsfadsfdsaf88838488**********2019-01-30
Request method:	PATCH
Request URI:	https://restful-booker.herokuapp.com/booking/27
Proxy:			<none>
Request params:	<none>
Query params:	<none>
Form params:	<none>
Path params:	id=27
Headers:		Cookie=token=149e380308f03b1
				Accept=*/*
				Content-Type=application/json; charset=UTF-8
Cookies:		<none>
Multiparts:		<none>
Body:
{
    "bookingdates": {
        "checkin": "2019-01-30",
        "checkout": "2019-01-01"
    }
}
&&&&***********         partial response   ************* &&&&
{
    "firstname": "Carry",
    "lastname": "Trotller",
    "totalprice": 111,
    "depositpaid": true,
    "bookingdates": {
        "checkin": "2019-01-30",
        "checkout": "2019-01-01"
    },
    "additionalneeds": "Breakfast"
}
2021-08-20 16:56:44,575 [INFO  ] Log - ---------- Response : ----------
2021-08-20 16:56:44,577 [INFO  ] Log - ----------{
    "firstname": "Carry",
    "lastname": "Trotller",
    "totalprice": 111,
    "depositpaid": true,
    "bookingdates": {
        "checkin": "2019-01-30",
        "checkout": "2019-01-01"
    },
    "additionalneeds": "Breakfast"
}----------
2021-08-20 16:56:44,577 [INFO  ] Log - $$$$$$$$$$  Partial update booking details completed  $$$$$$$$$$
2021-08-20 16:56:44,577 [INFO  ] Log - ****************************************************************************************
  When user updates the booking details "checkin&checkout" and "2019-01-30&2019-01-01"                  # stepDefinitions.partialUpdate_Steps.user_updates_the_booking_details_and(java.lang.String,java.lang.String)
HTTP/1.1 200 OK
Server: Cowboy
Connection: keep-alive
X-Powered-By: Express
Content-Type: application/json; charset=utf-8
Content-Length: 173
Etag: W/"ad-mNNpdKSiLoZzPw5BqzeTJxGThQk"
Date: Fri, 20 Aug 2021 14:56:41 GMT
Via: 1.1 vegur

{
    "firstname": "Carry",
    "lastname": "Trotller",
    "totalprice": 111,
    "depositpaid": true,
    "bookingdates": {
        "checkin": "2019-01-30",
        "checkout": "2019-01-01"
    },
    "additionalneeds": "Breakfast"
}
  Then the response code is 200                                                                         # stepDefinitions.GenericResponse_Steps.the_response_code_is(java.lang.Integer)
  And response contains following values                                                                # stepDefinitions.GenericResponse_Steps.response_contains_following_values(io.cucumber.datatable.DataTable)
............{"token":"b381cbf77f54556"}
{"token":"b381cbf77f54556"}
2021-08-20 16:56:45,104 [INFO  ] Log - ----------User Token Authorized----------
Request method:	DELETE
Request URI:	https://restful-booker.herokuapp.com/booking/27
Proxy:			<none>
Request params:	<none>
Query params:	<none>
Form params:	<none>
Path params:	id=27
Headers:		Cookie=token=b381cbf77f54556
				Accept=*/*
Cookies:		<none>
Multiparts:		<none>
Body:			<none>
HTTP/1.1 201 Created
Server: Cowboy
Connection: keep-alive
X-Powered-By: Express
Content-Type: text/plain; charset=utf-8
Content-Length: 7
Etag: W/"7-rM9AyJuqT6iOan/xHh+AW+7K/T8"
Date: Fri, 20 Aug 2021 14:56:42 GMT
Via: 1.1 vegur

Created
]]></system-out>
  </testcase>
</testsuite>